[I 2025-08-04 16:30:08,263] Trial 366 finished with value: 0.006499072071164846 and parameters: {'width_NN_heal': 64, 'depth_NN_heal': 4, 'modes_heal': 32, 'blocks_heal': 1, 'lift_act_heal': <built-in function gelu>, 'block_act_heal': <function tanh at 0x7f9f9b7b8d60>, 'width_heal': 64, 'lr': 0.009941414319563616, 'padding_heal': 18}. Best is trial 348 with value: 0.006398265715688467.
[Trial 366] Train loss: 7.828e-03, Val loss: 6.499e-03, Overfit gap: -1.329e-03
[I 2025-08-04 16:30:39,694] Trial 375 finished with value: 0.006469246465712786 and parameters: {'width_NN_heal': 64, 'depth_NN_heal': 4, 'modes_heal': 32, 'blocks_heal': 1, 'lift_act_heal': <built-in function gelu>, 'block_act_heal': <function tanh at 0x7f9f9b7b8d60>, 'width_heal': 64, 'lr': 0.009939809758040253, 'padding_heal': 18}. Best is trial 348 with value: 0.006398265715688467.
[Trial 375] Train loss: 7.686e-03, Val loss: 6.469e-03, Overfit gap: -1.217e-03
[I 2025-08-04 16:31:05,833] Trial 383 finished with value: 0.00646091578528285 and parameters: {'width_NN_heal': 64, 'depth_NN_heal': 4, 'modes_heal': 32, 'blocks_heal': 1, 'lift_act_heal': <built-in function gelu>, 'block_act_heal': <function tanh at 0x7f9f9b7b8d60>, 'width_heal': 8, 'lr': 0.009971892232640521, 'padding_heal': 18}. Best is trial 348 with value: 0.006398265715688467.
[Trial 383] Train loss: 7.709e-03, Val loss: 6.461e-03, Overfit gap: -1.248e-03
[I 2025-08-04 16:31:09,066] Trial 384 finished with value: 0.006460555829107761 and parameters: {'width_NN_heal': 64, 'depth_NN_heal': 4, 'modes_heal': 32, 'blocks_heal': 1, 'lift_act_heal': <built-in function gelu>, 'block_act_heal': <function tanh at 0x7f9f9b7b8d60>, 'width_heal': 64, 'lr': 0.009944198463420872, 'padding_heal': 18}. Best is trial 348 with value: 0.006398265715688467.
[Trial 384] Train loss: 7.825e-03, Val loss: 6.461e-03, Overfit gap: -1.364e-03
[I 2025-08-04 16:32:21,252] Trial 405 finished with value: 0.006498654838651419 and parameters: {'width_NN_heal': 64, 'depth_NN_heal': 4, 'modes_heal': 32, 'blocks_heal': 1, 'lift_act_heal': <built-in function gelu>, 'block_act_heal': <function tanh at 0x7f9f9b7b8d60>, 'width_heal': 8, 'lr': 0.009965536728165802, 'padding_heal': 18}. Best is trial 348 with value: 0.006398265715688467.
[Trial 405] Train loss: 7.844e-03, Val loss: 6.499e-03, Overfit gap: -1.346e-03
[I 2025-08-04 16:32:37,743] Trial 410 finished with value: 0.006432577967643738 and parameters: {'width_NN_heal': 64, 'depth_NN_heal': 4, 'modes_heal': 64, 'blocks_heal': 1, 'lift_act_heal': <built-in function gelu>, 'block_act_heal': <function tanh at 0x7f9f9b7b8d60>, 'width_heal': 8, 'lr': 0.009996156389408813, 'padding_heal': 18}. Best is trial 348 with value: 0.006398265715688467.
[Trial 410] Train loss: 7.713e-03, Val loss: 6.433e-03, Overfit gap: -1.281e-03
[I 2025-08-04 16:33:05,768] Trial 418 finished with value: 0.006430912297219038 and parameters: {'width_NN_heal': 64, 'depth_NN_heal': 4, 'modes_heal': 64, 'blocks_heal': 1, 'lift_act_heal': <built-in function gelu>, 'block_act_heal': <function tanh at 0x7f9f9b7b8d60>, 'width_heal': 8, 'lr': 0.009966844606143829, 'padding_heal': 9}. Best is trial 348 with value: 0.006398265715688467.
[Trial 418] Train loss: 7.723e-03, Val loss: 6.431e-03, Overfit gap: -1.292e-03
[I 2025-08-04 16:33:18,985] Trial 422 finished with value: 0.006442899350076914 and parameters: {'width_NN_heal': 64, 'depth_NN_heal': 4, 'modes_heal': 64, 'blocks_heal': 1, 'lift_act_heal': <built-in function gelu>, 'block_act_heal': <function tanh at 0x7f9f9b7b8d60>, 'width_heal': 8, 'lr': 0.0099868092661048, 'padding_heal': 9}. Best is trial 348 with value: 0.006398265715688467.
[Trial 422] Train loss: 7.777e-03, Val loss: 6.443e-03, Overfit gap: -1.334e-03
[I 2025-08-04 16:33:38,132] Trial 428 finished with value: 0.006493096239864826 and parameters: {'width_NN_heal': 64, 'depth_NN_heal': 4, 'modes_heal': 64, 'blocks_heal': 1, 'lift_act_heal': <built-in function gelu>, 'block_act_heal': <function tanh at 0x7f9f9b7b8d60>, 'width_heal': 8, 'lr': 0.009987513087413006, 'padding_heal': 9}. Best is trial 348 with value: 0.006398265715688467.
[Trial 428] Train loss: 7.853e-03, Val loss: 6.493e-03, Overfit gap: -1.360e-03
[I 2025-08-04 16:33:54,797] Trial 433 finished with value: 0.006491182371973991 and parameters: {'width_NN_heal': 64, 'depth_NN_heal': 4, 'modes_heal': 64, 'blocks_heal': 1, 'lift_act_heal': <built-in function gelu>, 'block_act_heal': <function tanh at 0x7f9f9b7b8d60>, 'width_heal': 8, 'lr': 0.009997783711131502, 'padding_heal': 9}. Best is trial 348 with value: 0.006398265715688467.
[Trial 433] Train loss: 7.755e-03, Val loss: 6.491e-03, Overfit gap: -1.264e-03
[I 2025-08-04 16:34:10,589] Trial 438 finished with value: 0.0064836833626031876 and parameters: {'width_NN_heal': 64, 'depth_NN_heal': 4, 'modes_heal': 64, 'blocks_heal': 1, 'lift_act_heal': <built-in function gelu>, 'block_act_heal': None, 'width_heal': 8, 'lr': 0.009995944560501107, 'padding_heal': 9}. Best is trial 348 with value: 0.006398265715688467.
[Trial 438] Train loss: 7.868e-03, Val loss: 6.484e-03, Overfit gap: -1.384e-03
[I 2025-08-04 16:34:42,088] Trial 447 finished with value: 0.00647748215124011 and parameters: {'width_NN_heal': 64, 'depth_NN_heal': 4, 'modes_heal': 32, 'blocks_heal': 1, 'lift_act_heal': <built-in function gelu>, 'block_act_heal': <function tanh at 0x7f9f9b7b8d60>, 'width_heal': 64, 'lr': 0.0099826278846331, 'padding_heal': 18}. Best is trial 348 with value: 0.006398265715688467.
[Trial 447] Train loss: 7.816e-03, Val loss: 6.477e-03, Overfit gap: -1.338e-03
[I 2025-08-04 16:34:55,098] Trial 451 finished with value: 0.006479817442595959 and parameters: {'width_NN_heal': 64, 'depth_NN_heal': 4, 'modes_heal': 64, 'blocks_heal': 2, 'lift_act_heal': <built-in function gelu>, 'block_act_heal': <function tanh at 0x7f9f9b7b8d60>, 'width_heal': 64, 'lr': 0.009984972504925997, 'padding_heal': 9}. Best is trial 348 with value: 0.006398265715688467.
[Trial 451] Train loss: 7.778e-03, Val loss: 6.480e-03, Overfit gap: -1.298e-03
[I 2025-08-04 16:35:14,770] Trial 457 finished with value: 0.006461503449827433 and parameters: {'width_NN_heal': 64, 'depth_NN_heal': 4, 'modes_heal': 64, 'blocks_heal': 1, 'lift_act_heal': <built-in function gelu>, 'block_act_heal': <function tanh at 0x7f9f9b7b8d60>, 'width_heal': 8, 'lr': 0.00916049767104969, 'padding_heal': 18}. Best is trial 348 with value: 0.006398265715688467.
[Trial 457] Train loss: 7.922e-03, Val loss: 6.462e-03, Overfit gap: -1.460e-03
[I 2025-08-04 16:35:24,790] Trial 460 finished with value: 0.006452863570302725 and parameters: {'width_NN_heal': 64, 'depth_NN_heal': 4, 'modes_heal': 32, 'blocks_heal': 1, 'lift_act_heal': <built-in function gelu>, 'block_act_heal': <function tanh at 0x7f9f9b7b8d60>, 'width_heal': 64, 'lr': 0.009984639239084664, 'padding_heal': 18}. Best is trial 348 with value: 0.006398265715688467.
[Trial 460] Train loss: 7.747e-03, Val loss: 6.453e-03, Overfit gap: -1.294e-03
[I 2025-08-04 16:35:50,638] Trial 467 finished with value: 0.006376773118972778 and parameters: {'width_NN_heal': 64, 'depth_NN_heal': 4, 'modes_heal': 32, 'blocks_heal': 1, 'lift_act_heal': <built-in function gelu>, 'block_act_heal': <function tanh at 0x7f9f9b7b8d60>, 'width_heal': 64, 'lr': 0.009993854371668944, 'padding_heal': 18}. Best is trial 467 with value: 0.006376773118972778.
[Trial 467] Train loss: 7.633e-03, Val loss: 6.377e-03, Overfit gap: -1.256e-03
[I 2025-08-04 16:36:12,824] Trial 474 finished with value: 0.006453885696828365 and parameters: {'width_NN_heal': 64, 'depth_NN_heal': 4, 'modes_heal': 64, 'blocks_heal': 1, 'lift_act_heal': <built-in function gelu>, 'block_act_heal': <function tanh at 0x7f9f9b7b8d60>, 'width_heal': 64, 'lr': 0.009995639773163728, 'padding_heal': 18}. Best is trial 467 with value: 0.006376773118972778.
[Trial 474] Train loss: 7.796e-03, Val loss: 6.454e-03, Overfit gap: -1.342e-03
[I 2025-08-04 16:36:38,456] Trial 482 finished with value: 0.006482159718871117 and parameters: {'width_NN_heal': 64, 'depth_NN_heal': 4, 'modes_heal': 64, 'blocks_heal': 1, 'lift_act_heal': <function mish at 0x7f9f9b7b8fe0>, 'block_act_heal': None, 'width_heal': 64, 'lr': 0.009982978184987902, 'padding_heal': 18}. Best is trial 467 with value: 0.006376773118972778.
[Trial 482] Train loss: 7.797e-03, Val loss: 6.482e-03, Overfit gap: -1.315e-03
[I 2025-08-04 16:37:19,619] Trial 494 finished with value: 0.006399891339242458 and parameters: {'width_NN_heal': 64, 'depth_NN_heal': 4, 'modes_heal': 32, 'blocks_heal': 1, 'lift_act_heal': <built-in function gelu>, 'block_act_heal': <function tanh at 0x7f9f9b7b8d60>, 'width_heal': 64, 'lr': 0.009982822533386781, 'padding_heal': 18}. Best is trial 467 with value: 0.006376773118972778.
[Trial 494] Train loss: 7.619e-03, Val loss: 6.400e-03, Overfit gap: -1.219e-03
