[I 2025-08-04 16:18:08,949] Trial 153 finished with value: 0.006448591127991676 and parameters: {'width_NN_heal': 64, 'depth_NN_heal': 4, 'modes_heal': 32, 'blocks_heal': 1, 'lift_act_heal': <built-in function gelu>, 'block_act_heal': <function mish at 0x7f9f9b7b8fe0>, 'width_heal': 8, 'lr': 0.009985042760537346, 'padding_heal': 18}. Best is trial 153 with value: 0.006448591127991676.
[Trial 153] Train loss: 7.750e-03, Val loss: 6.449e-03, Overfit gap: -1.301e-03
[I 2025-08-04 16:18:24,881] Trial 158 finished with value: 0.006488598883152008 and parameters: {'width_NN_heal': 64, 'depth_NN_heal': 4, 'modes_heal': 32, 'blocks_heal': 1, 'lift_act_heal': <built-in function gelu>, 'block_act_heal': <function mish at 0x7f9f9b7b8fe0>, 'width_heal': 8, 'lr': 0.009926147680867359, 'padding_heal': 18}. Best is trial 153 with value: 0.006448591127991676.
[Trial 158] Train loss: 7.791e-03, Val loss: 6.489e-03, Overfit gap: -1.302e-03
[I 2025-08-04 16:18:31,258] Trial 160 finished with value: 0.00648480886593461 and parameters: {'width_NN_heal': 64, 'depth_NN_heal': 4, 'modes_heal': 32, 'blocks_heal': 1, 'lift_act_heal': <built-in function gelu>, 'block_act_heal': <function mish at 0x7f9f9b7b8fe0>, 'width_heal': 8, 'lr': 0.009866173461274087, 'padding_heal': 18}. Best is trial 153 with value: 0.006448591127991676.
[Trial 160] Train loss: 7.873e-03, Val loss: 6.485e-03, Overfit gap: -1.389e-03
[I 2025-08-04 16:18:34,446] Trial 161 finished with value: 0.006459301803261042 and parameters: {'width_NN_heal': 64, 'depth_NN_heal': 4, 'modes_heal': 32, 'blocks_heal': 1, 'lift_act_heal': <built-in function gelu>, 'block_act_heal': <function mish at 0x7f9f9b7b8fe0>, 'width_heal': 8, 'lr': 0.009862600754871277, 'padding_heal': 18}. Best is trial 153 with value: 0.006448591127991676.
[Trial 161] Train loss: 7.756e-03, Val loss: 6.459e-03, Overfit gap: -1.297e-03
[I 2025-08-04 16:18:47,197] Trial 165 finished with value: 0.006449475884437561 and parameters: {'width_NN_heal': 64, 'depth_NN_heal': 4, 'modes_heal': 32, 'blocks_heal': 1, 'lift_act_heal': <built-in function gelu>, 'block_act_heal': <function mish at 0x7f9f9b7b8fe0>, 'width_heal': 8, 'lr': 0.00992808666962632, 'padding_heal': 18}. Best is trial 153 with value: 0.006448591127991676.
[Trial 165] Train loss: 7.814e-03, Val loss: 6.449e-03, Overfit gap: -1.364e-03
[I 2025-08-04 16:19:03,185] Trial 170 finished with value: 0.006485385820269585 and parameters: {'width_NN_heal': 64, 'depth_NN_heal': 4, 'modes_heal': 32, 'blocks_heal': 1, 'lift_act_heal': <built-in function gelu>, 'block_act_heal': <function tanh at 0x7f9f9b7b8d60>, 'width_heal': 8, 'lr': 0.009979231701320772, 'padding_heal': 18}. Best is trial 153 with value: 0.006448591127991676.
[Trial 170] Train loss: 7.892e-03, Val loss: 6.485e-03, Overfit gap: -1.407e-03
[I 2025-08-04 16:19:22,310] Trial 176 finished with value: 0.0064628347754478455 and parameters: {'width_NN_heal': 64, 'depth_NN_heal': 4, 'modes_heal': 32, 'blocks_heal': 1, 'lift_act_heal': <built-in function gelu>, 'block_act_heal': <function tanh at 0x7f9f9b7b8d60>, 'width_heal': 8, 'lr': 0.00988539311888621, 'padding_heal': 18}. Best is trial 153 with value: 0.006448591127991676.
[Trial 176] Train loss: 7.839e-03, Val loss: 6.463e-03, Overfit gap: -1.377e-03
[I 2025-08-04 16:19:25,502] Trial 177 finished with value: 0.00648906035348773 and parameters: {'width_NN_heal': 64, 'depth_NN_heal': 4, 'modes_heal': 32, 'blocks_heal': 1, 'lift_act_heal': <built-in function gelu>, 'block_act_heal': <function tanh at 0x7f9f9b7b8d60>, 'width_heal': 8, 'lr': 0.009955391358474258, 'padding_heal': 18}. Best is trial 153 with value: 0.006448591127991676.
[Trial 177] Train loss: 7.865e-03, Val loss: 6.489e-03, Overfit gap: -1.376e-03
[I 2025-08-04 16:19:28,708] Trial 178 finished with value: 0.006465601269155741 and parameters: {'width_NN_heal': 64, 'depth_NN_heal': 4, 'modes_heal': 32, 'blocks_heal': 1, 'lift_act_heal': <built-in function gelu>, 'block_act_heal': <function tanh at 0x7f9f9b7b8d60>, 'width_heal': 8, 'lr': 0.009973013142829461, 'padding_heal': 18}. Best is trial 153 with value: 0.006448591127991676.
[Trial 178] Train loss: 7.889e-03, Val loss: 6.466e-03, Overfit gap: -1.424e-03
[I 2025-08-04 16:19:38,289] Trial 181 finished with value: 0.006465780083090067 and parameters: {'width_NN_heal': 64, 'depth_NN_heal': 4, 'modes_heal': 32, 'blocks_heal': 1, 'lift_act_heal': <built-in function gelu>, 'block_act_heal': <function tanh at 0x7f9f9b7b8d60>, 'width_heal': 8, 'lr': 0.009829363005368673, 'padding_heal': 18}. Best is trial 153 with value: 0.006448591127991676.
[Trial 181] Train loss: 7.706e-03, Val loss: 6.466e-03, Overfit gap: -1.240e-03
[I 2025-08-04 16:19:44,673] Trial 183 finished with value: 0.006424658931791782 and parameters: {'width_NN_heal': 64, 'depth_NN_heal': 4, 'modes_heal': 32, 'blocks_heal': 1, 'lift_act_heal': <built-in function gelu>, 'block_act_heal': <function tanh at 0x7f9f9b7b8d60>, 'width_heal': 8, 'lr': 0.009970752102042362, 'padding_heal': 18}. Best is trial 183 with value: 0.006424658931791782.
[Trial 183] Train loss: 7.786e-03, Val loss: 6.425e-03, Overfit gap: -1.361e-03
[I 2025-08-04 16:19:51,115] Trial 185 finished with value: 0.00648910878226161 and parameters: {'width_NN_heal': 64, 'depth_NN_heal': 4, 'modes_heal': 32, 'blocks_heal': 1, 'lift_act_heal': <built-in function gelu>, 'block_act_heal': <function tanh at 0x7f9f9b7b8d60>, 'width_heal': 8, 'lr': 0.009939506841637314, 'padding_heal': 18}. Best is trial 183 with value: 0.006424658931791782.
[Trial 185] Train loss: 7.823e-03, Val loss: 6.489e-03, Overfit gap: -1.334e-03
[I 2025-08-04 16:20:03,916] Trial 189 finished with value: 0.006472793407738209 and parameters: {'width_NN_heal': 64, 'depth_NN_heal': 4, 'modes_heal': 32, 'blocks_heal': 1, 'lift_act_heal': <built-in function gelu>, 'block_act_heal': <function tanh at 0x7f9f9b7b8d60>, 'width_heal': 64, 'lr': 0.009963409260924294, 'padding_heal': 18}. Best is trial 183 with value: 0.006424658931791782.
[Trial 189] Train loss: 7.737e-03, Val loss: 6.473e-03, Overfit gap: -1.264e-03
[I 2025-08-04 16:20:10,339] Trial 191 finished with value: 0.0064081186428666115 and parameters: {'width_NN_heal': 64, 'depth_NN_heal': 4, 'modes_heal': 32, 'blocks_heal': 1, 'lift_act_heal': <built-in function gelu>, 'block_act_heal': <function tanh at 0x7f9f9b7b8d60>, 'width_heal': 64, 'lr': 0.009939782594460942, 'padding_heal': 18}. Best is trial 191 with value: 0.0064081186428666115.
[Trial 191] Train loss: 7.659e-03, Val loss: 6.408e-03, Overfit gap: -1.251e-03
[I 2025-08-04 16:20:13,558] Trial 192 finished with value: 0.006483931560069323 and parameters: {'width_NN_heal': 64, 'depth_NN_heal': 4, 'modes_heal': 32, 'blocks_heal': 1, 'lift_act_heal': <built-in function gelu>, 'block_act_heal': <function tanh at 0x7f9f9b7b8d60>, 'width_heal': 64, 'lr': 0.009973743035940778, 'padding_heal': 18}. Best is trial 191 with value: 0.0064081186428666115.
[Trial 192] Train loss: 7.775e-03, Val loss: 6.484e-03, Overfit gap: -1.291e-03
[I 2025-08-04 16:20:23,217] Trial 195 finished with value: 0.0064733293838799 and parameters: {'width_NN_heal': 64, 'depth_NN_heal': 4, 'modes_heal': 32, 'blocks_heal': 1, 'lift_act_heal': <built-in function gelu>, 'block_act_heal': <function tanh at 0x7f9f9b7b8d60>, 'width_heal': 64, 'lr': 0.00995691096087644, 'padding_heal': 18}. Best is trial 191 with value: 0.0064081186428666115.
[Trial 195] Train loss: 7.826e-03, Val loss: 6.473e-03, Overfit gap: -1.353e-03
[I 2025-08-04 16:20:46,695] Trial 202 finished with value: 0.006448260974138975 and parameters: {'width_NN_heal': 64, 'depth_NN_heal': 4, 'modes_heal': 32, 'blocks_heal': 1, 'lift_act_heal': <built-in function gelu>, 'block_act_heal': <function tanh at 0x7f9f9b7b8d60>, 'width_heal': 64, 'lr': 0.009863557730028928, 'padding_heal': 18}. Best is trial 191 with value: 0.0064081186428666115.
[Trial 202] Train loss: 7.729e-03, Val loss: 6.448e-03, Overfit gap: -1.281e-03
[I 2025-08-04 16:20:53,142] Trial 204 finished with value: 0.006470709573477507 and parameters: {'width_NN_heal': 64, 'depth_NN_heal': 4, 'modes_heal': 32, 'blocks_heal': 1, 'lift_act_heal': <built-in function gelu>, 'block_act_heal': <function tanh at 0x7f9f9b7b8d60>, 'width_heal': 64, 'lr': 0.009926368813184643, 'padding_heal': 18}. Best is trial 191 with value: 0.0064081186428666115.
[Trial 204] Train loss: 7.735e-03, Val loss: 6.471e-03, Overfit gap: -1.265e-03
[I 2025-08-04 16:20:59,587] Trial 206 finished with value: 0.006448067724704742 and parameters: {'width_NN_heal': 64, 'depth_NN_heal': 4, 'modes_heal': 32, 'blocks_heal': 1, 'lift_act_heal': <built-in function gelu>, 'block_act_heal': <function tanh at 0x7f9f9b7b8d60>, 'width_heal': 64, 'lr': 0.009954013350948174, 'padding_heal': 18}. Best is trial 191 with value: 0.0064081186428666115.
[Trial 206] Train loss: 7.721e-03, Val loss: 6.448e-03, Overfit gap: -1.273e-03
[I 2025-08-04 16:21:06,692] Trial 208 finished with value: 0.006491200998425484 and parameters: {'width_NN_heal': 64, 'depth_NN_heal': 8, 'modes_heal': 32, 'blocks_heal': 2, 'lift_act_heal': <built-in function gelu>, 'block_act_heal': <function tanh at 0x7f9f9b7b8d60>, 'width_heal': 64, 'lr': 0.009963926501945488, 'padding_heal': 18}. Best is trial 191 with value: 0.0064081186428666115.
[Trial 208] Train loss: 7.815e-03, Val loss: 6.491e-03, Overfit gap: -1.324e-03
[I 2025-08-04 16:21:22,639] Trial 211 finished with value: 0.006455081980675459 and parameters: {'width_NN_heal': 64, 'depth_NN_heal': 4, 'modes_heal': 32, 'blocks_heal': 1, 'lift_act_heal': <built-in function gelu>, 'block_act_heal': <function tanh at 0x7f9f9b7b8d60>, 'width_heal': 64, 'lr': 0.009960748908695301, 'padding_heal': 18}. Best is trial 191 with value: 0.0064081186428666115.
[Trial 211] Train loss: 7.736e-03, Val loss: 6.455e-03, Overfit gap: -1.281e-03
[I 2025-08-04 16:21:26,208] Trial 212 finished with value: 0.006473300512880087 and parameters: {'width_NN_heal': 64, 'depth_NN_heal': 8, 'modes_heal': 32, 'blocks_heal': 1, 'lift_act_heal': <built-in function gelu>, 'block_act_heal': <function tanh at 0x7f9f9b7b8d60>, 'width_heal': 64, 'lr': 0.00995343401663087, 'padding_heal': 18}. Best is trial 191 with value: 0.0064081186428666115.
[Trial 212] Train loss: 7.787e-03, Val loss: 6.473e-03, Overfit gap: -1.314e-03
[I 2025-08-04 16:22:00,973] Trial 222 finished with value: 0.006415999960154295 and parameters: {'width_NN_heal': 64, 'depth_NN_heal': 4, 'modes_heal': 32, 'blocks_heal': 1, 'lift_act_heal': <built-in function gelu>, 'block_act_heal': <function tanh at 0x7f9f9b7b8d60>, 'width_heal': 64, 'lr': 0.009980783233048667, 'padding_heal': 18}. Best is trial 191 with value: 0.0064081186428666115.
[Trial 222] Train loss: 7.707e-03, Val loss: 6.416e-03, Overfit gap: -1.291e-03
[I 2025-08-04 16:22:14,184] Trial 226 finished with value: 0.006485412362962961 and parameters: {'width_NN_heal': 64, 'depth_NN_heal': 8, 'modes_heal': 32, 'blocks_heal': 1, 'lift_act_heal': <built-in function gelu>, 'block_act_heal': <function tanh at 0x7f9f9b7b8d60>, 'width_heal': 64, 'lr': 0.009969318492006324, 'padding_heal': 18}. Best is trial 191 with value: 0.0064081186428666115.
[Trial 226] Train loss: 7.670e-03, Val loss: 6.485e-03, Overfit gap: -1.184e-03
[I 2025-08-04 16:22:27,001] Trial 230 finished with value: 0.006486374884843826 and parameters: {'width_NN_heal': 64, 'depth_NN_heal': 4, 'modes_heal': 32, 'blocks_heal': 1, 'lift_act_heal': <built-in function gelu>, 'block_act_heal': <function tanh at 0x7f9f9b7b8d60>, 'width_heal': 64, 'lr': 0.009975024562774928, 'padding_heal': 18}. Best is trial 191 with value: 0.0064081186428666115.
[Trial 230] Train loss: 7.845e-03, Val loss: 6.486e-03, Overfit gap: -1.359e-03
[I 2025-08-04 16:22:33,434] Trial 232 finished with value: 0.006495844107121229 and parameters: {'width_NN_heal': 64, 'depth_NN_heal': 4, 'modes_heal': 32, 'blocks_heal': 1, 'lift_act_heal': <built-in function gelu>, 'block_act_heal': <function tanh at 0x7f9f9b7b8d60>, 'width_heal': 64, 'lr': 0.009947859424354956, 'padding_heal': 18}. Best is trial 191 with value: 0.0064081186428666115.
[Trial 232] Train loss: 7.811e-03, Val loss: 6.496e-03, Overfit gap: -1.315e-03
[I 2025-08-04 16:22:39,867] Trial 234 finished with value: 0.0064258575439453125 and parameters: {'width_NN_heal': 64, 'depth_NN_heal': 4, 'modes_heal': 32, 'blocks_heal': 1, 'lift_act_heal': <built-in function gelu>, 'block_act_heal': <function tanh at 0x7f9f9b7b8d60>, 'width_heal': 64, 'lr': 0.009962245115215323, 'padding_heal': 18}. Best is trial 191 with value: 0.0064081186428666115.
[Trial 234] Train loss: 7.627e-03, Val loss: 6.426e-03, Overfit gap: -1.201e-03
[I 2025-08-04 16:22:43,089] Trial 235 finished with value: 0.006455379072576761 and parameters: {'width_NN_heal': 64, 'depth_NN_heal': 4, 'modes_heal': 32, 'blocks_heal': 1, 'lift_act_heal': <built-in function gelu>, 'block_act_heal': <function tanh at 0x7f9f9b7b8d60>, 'width_heal': 64, 'lr': 0.009983138218402405, 'padding_heal': 18}. Best is trial 191 with value: 0.0064081186428666115.
[Trial 235] Train loss: 7.794e-03, Val loss: 6.455e-03, Overfit gap: -1.339e-03
[I 2025-08-04 16:23:09,424] Trial 243 finished with value: 0.0064514330588281155 and parameters: {'width_NN_heal': 64, 'depth_NN_heal': 4, 'modes_heal': 32, 'blocks_heal': 1, 'lift_act_heal': <built-in function gelu>, 'block_act_heal': <function tanh at 0x7f9f9b7b8d60>, 'width_heal': 64, 'lr': 0.00988661894363841, 'padding_heal': 18}. Best is trial 191 with value: 0.0064081186428666115.
[Trial 243] Train loss: 7.695e-03, Val loss: 6.451e-03, Overfit gap: -1.243e-03
[I 2025-08-04 16:23:44,364] Trial 253 finished with value: 0.006479916162788868 and parameters: {'width_NN_heal': 64, 'depth_NN_heal': 4, 'modes_heal': 32, 'blocks_heal': 1, 'lift_act_heal': <built-in function gelu>, 'block_act_heal': <function tanh at 0x7f9f9b7b8d60>, 'width_heal': 64, 'lr': 0.009987367981173592, 'padding_heal': 18}. Best is trial 191 with value: 0.0064081186428666115.
[Trial 253] Train loss: 7.771e-03, Val loss: 6.480e-03, Overfit gap: -1.291e-03
[I 2025-08-04 16:24:33,903] Trial 268 finished with value: 0.006486972793936729 and parameters: {'width_NN_heal': 64, 'depth_NN_heal': 4, 'modes_heal': 32, 'blocks_heal': 1, 'lift_act_heal': <built-in function gelu>, 'block_act_heal': <function tanh at 0x7f9f9b7b8d60>, 'width_heal': 64, 'lr': 0.009926646655913678, 'padding_heal': 18}. Best is trial 191 with value: 0.0064081186428666115.
[Trial 268] Train loss: 7.845e-03, Val loss: 6.487e-03, Overfit gap: -1.358e-03
[I 2025-08-04 16:25:02,278] Trial 275 finished with value: 0.006472231354564428 and parameters: {'width_NN_heal': 64, 'depth_NN_heal': 4, 'modes_heal': 32, 'blocks_heal': 1, 'lift_act_heal': <built-in function gelu>, 'block_act_heal': <function tanh at 0x7f9f9b7b8d60>, 'width_heal': 64, 'lr': 0.00993572189743027, 'padding_heal': 9}. Best is trial 191 with value: 0.0064081186428666115.
[Trial 275] Train loss: 7.771e-03, Val loss: 6.472e-03, Overfit gap: -1.299e-03
[I 2025-08-04 16:25:05,498] Trial 276 finished with value: 0.006450260989367962 and parameters: {'width_NN_heal': 64, 'depth_NN_heal': 4, 'modes_heal': 32, 'blocks_heal': 1, 'lift_act_heal': <built-in function gelu>, 'block_act_heal': <function tanh at 0x7f9f9b7b8d60>, 'width_heal': 64, 'lr': 0.009984964959924006, 'padding_heal': 18}. Best is trial 191 with value: 0.0064081186428666115.
[Trial 276] Train loss: 7.772e-03, Val loss: 6.450e-03, Overfit gap: -1.321e-03
[I 2025-08-04 16:25:11,940] Trial 278 finished with value: 0.006483296863734722 and parameters: {'width_NN_heal': 64, 'depth_NN_heal': 4, 'modes_heal': 32, 'blocks_heal': 1, 'lift_act_heal': <built-in function gelu>, 'block_act_heal': <function tanh at 0x7f9f9b7b8d60>, 'width_heal': 64, 'lr': 0.009984179809841844, 'padding_heal': 18}. Best is trial 191 with value: 0.0064081186428666115.
[Trial 278] Train loss: 7.721e-03, Val loss: 6.483e-03, Overfit gap: -1.238e-03
[I 2025-08-04 16:25:21,871] Trial 281 finished with value: 0.006427925080060959 and parameters: {'width_NN_heal': 64, 'depth_NN_heal': 4, 'modes_heal': 32, 'blocks_heal': 2, 'lift_act_heal': <built-in function gelu>, 'block_act_heal': <function tanh at 0x7f9f9b7b8d60>, 'width_heal': 64, 'lr': 0.009997962967369226, 'padding_heal': 9}. Best is trial 191 with value: 0.0064081186428666115.
[Trial 281] Train loss: 7.690e-03, Val loss: 6.428e-03, Overfit gap: -1.262e-03
[I 2025-08-04 16:25:55,543] Trial 291 finished with value: 0.006441409699618816 and parameters: {'width_NN_heal': 64, 'depth_NN_heal': 4, 'modes_heal': 32, 'blocks_heal': 1, 'lift_act_heal': <built-in function gelu>, 'block_act_heal': <function tanh at 0x7f9f9b7b8d60>, 'width_heal': 64, 'lr': 0.00999616946114219, 'padding_heal': 18}. Best is trial 191 with value: 0.0064081186428666115.
[Trial 291] Train loss: 7.662e-03, Val loss: 6.441e-03, Overfit gap: -1.220e-03
[I 2025-08-04 16:26:52,857] Trial 308 finished with value: 0.006410771049559116 and parameters: {'width_NN_heal': 64, 'depth_NN_heal': 4, 'modes_heal': 32, 'blocks_heal': 1, 'lift_act_heal': <built-in function gelu>, 'block_act_heal': <function tanh at 0x7f9f9b7b8d60>, 'width_heal': 64, 'lr': 0.0099811171859378, 'padding_heal': 18}. Best is trial 191 with value: 0.0064081186428666115.
[Trial 308] Train loss: 7.733e-03, Val loss: 6.411e-03, Overfit gap: -1.322e-03
[I 2025-08-04 16:27:22,650] Trial 317 finished with value: 0.006436766125261784 and parameters: {'width_NN_heal': 64, 'depth_NN_heal': 4, 'modes_heal': 32, 'blocks_heal': 1, 'lift_act_heal': <built-in function gelu>, 'block_act_heal': <function tanh at 0x7f9f9b7b8d60>, 'width_heal': 64, 'lr': 0.009987472660566817, 'padding_heal': 18}. Best is trial 191 with value: 0.0064081186428666115.
[Trial 317] Train loss: 7.599e-03, Val loss: 6.437e-03, Overfit gap: -1.162e-03
[I 2025-08-04 16:27:29,028] Trial 319 finished with value: 0.006456868257373571 and parameters: {'width_NN_heal': 64, 'depth_NN_heal': 4, 'modes_heal': 32, 'blocks_heal': 1, 'lift_act_heal': <built-in function gelu>, 'block_act_heal': <function tanh at 0x7f9f9b7b8d60>, 'width_heal': 64, 'lr': 0.00997632713823649, 'padding_heal': 18}. Best is trial 191 with value: 0.0064081186428666115.
[Trial 319] Train loss: 7.761e-03, Val loss: 6.457e-03, Overfit gap: -1.304e-03
[I 2025-08-04 16:27:44,065] Trial 323 finished with value: 0.006446428131312132 and parameters: {'width_NN_heal': 64, 'depth_NN_heal': 4, 'modes_heal': 32, 'blocks_heal': 1, 'lift_act_heal': <built-in function gelu>, 'block_act_heal': <function tanh at 0x7f9f9b7b8d60>, 'width_heal': 8, 'lr': 0.009964814064454477, 'padding_heal': 9}. Best is trial 191 with value: 0.0064081186428666115.
[Trial 323] Train loss: 7.796e-03, Val loss: 6.446e-03, Overfit gap: -1.350e-03
[I 2025-08-04 16:28:00,017] Trial 328 finished with value: 0.0064290910959243774 and parameters: {'width_NN_heal': 64, 'depth_NN_heal': 4, 'modes_heal': 32, 'blocks_heal': 1, 'lift_act_heal': <built-in function gelu>, 'block_act_heal': <function tanh at 0x7f9f9b7b8d60>, 'width_heal': 8, 'lr': 0.009965221164107661, 'padding_heal': 9}. Best is trial 191 with value: 0.0064081186428666115.
[Trial 328] Train loss: 7.757e-03, Val loss: 6.429e-03, Overfit gap: -1.328e-03
[I 2025-08-04 16:28:20,081] Trial 334 finished with value: 0.006446794141083956 and parameters: {'width_NN_heal': 64, 'depth_NN_heal': 4, 'modes_heal': 32, 'blocks_heal': 3, 'lift_act_heal': <function mish at 0x7f9f9b7b8fe0>, 'block_act_heal': <function tanh at 0x7f9f9b7b8d60>, 'width_heal': 8, 'lr': 0.009985431220634342, 'padding_heal': 9}. Best is trial 191 with value: 0.0064081186428666115.
[Trial 334] Train loss: 7.593e-03, Val loss: 6.447e-03, Overfit gap: -1.146e-03
[I 2025-08-04 16:28:38,126] Trial 339 finished with value: 0.006439785473048687 and parameters: {'width_NN_heal': 64, 'depth_NN_heal': 4, 'modes_heal': 64, 'blocks_heal': 1, 'lift_act_heal': <built-in function gelu>, 'block_act_heal': <function tanh at 0x7f9f9b7b8d60>, 'width_heal': 8, 'lr': 0.00998487914045697, 'padding_heal': 9}. Best is trial 191 with value: 0.0064081186428666115.
[Trial 339] Train loss: 7.658e-03, Val loss: 6.440e-03, Overfit gap: -1.219e-03
[I 2025-08-04 16:29:09,556] Trial 348 finished with value: 0.006398265715688467 and parameters: {'width_NN_heal': 64, 'depth_NN_heal': 4, 'modes_heal': 32, 'blocks_heal': 1, 'lift_act_heal': <built-in function gelu>, 'block_act_heal': <function tanh at 0x7f9f9b7b8d60>, 'width_heal': 8, 'lr': 0.009986715950753558, 'padding_heal': 18}. Best is trial 348 with value: 0.006398265715688467.
[Trial 348] Train loss: 7.666e-03, Val loss: 6.398e-03, Overfit gap: -1.267e-03
[I 2025-08-04 16:29:48,272] Trial 360 finished with value: 0.006473565939813852 and parameters: {'width_NN_heal': 64, 'depth_NN_heal': 4, 'modes_heal': 64, 'blocks_heal': 1, 'lift_act_heal': <built-in function gelu>, 'block_act_heal': <function tanh at 0x7f9f9b7b8d60>, 'width_heal': 8, 'lr': 0.009972956351337766, 'padding_heal': 18}. Best is trial 348 with value: 0.006398265715688467.
[Trial 360] Train loss: 7.902e-03, Val loss: 6.474e-03, Overfit gap: -1.429e-03
[I 2025-08-04 16:29:58,742] Trial 363 finished with value: 0.006454242393374443 and parameters: {'width_NN_heal': 64, 'depth_NN_heal': 4, 'modes_heal': 32, 'blocks_heal': 1, 'lift_act_heal': <built-in function gelu>, 'block_act_heal': <function tanh at 0x7f9f9b7b8d60>, 'width_heal': 8, 'lr': 0.009980747169998631, 'padding_heal': 18}. Best is trial 348 with value: 0.006398265715688467.
[Trial 363] Train loss: 7.906e-03, Val loss: 6.454e-03, Overfit gap: -1.452e-03
