[I 2025-07-31 11:27:45,585] Trial 249 finished with value: 0.0014702875632792711 and parameters: {'width_NN': 19, 'depth_NN': 5, 'modes': 60, 'blocks': 6, 'block_act': <built-in function gelu>, 'lift_act': <function tanh at 0x7f78ecbbcb80>, 'width': 32, 'lr': 0.004934753950999456, 'padding': 10}. Best is trial 242 with value: 0.001181146246381104.
[I 2025-07-31 11:27:48,562] Trial 250 finished with value: 0.001743741100654006 and parameters: {'width_NN': 20, 'depth_NN': 5, 'modes': 60, 'blocks': 6, 'block_act': <built-in function gelu>, 'lift_act': <function tanh at 0x7f78ecbbcb80>, 'width': 39, 'lr': 0.0037775270236913897, 'padding': 8}. Best is trial 242 with value: 0.001181146246381104.
[I 2025-07-31 11:27:51,459] Trial 251 finished with value: 0.0015569614479318261 and parameters: {'width_NN': 16, 'depth_NN': 5, 'modes': 56, 'blocks': 6, 'block_act': <built-in function gelu>, 'lift_act': <function tanh at 0x7f78ecbbcb80>, 'width': 34, 'lr': 0.004549649877773097, 'padding': 9}. Best is trial 242 with value: 0.001181146246381104.
[I 2025-07-31 11:27:54,426] Trial 252 finished with value: 0.03074260801076889 and parameters: {'width_NN': 22, 'depth_NN': 5, 'modes': 60, 'blocks': 6, 'block_act': <built-in function gelu>, 'lift_act': <built-in function gelu>, 'width': 36, 'lr': 0.003911553754305307, 'padding': 10}. Best is trial 242 with value: 0.001181146246381104.
[I 2025-07-31 11:27:57,438] Trial 253 finished with value: 0.0011243699118494987 and parameters: {'width_NN': 18, 'depth_NN': 5, 'modes': 56, 'blocks': 6, 'block_act': <built-in function gelu>, 'lift_act': <function tanh at 0x7f78ecbbcb80>, 'width': 30, 'lr': 0.004244329678174171, 'padding': 7}. Best is trial 253 with value: 0.0011243699118494987.
[I 2025-07-31 11:28:00,335] Trial 254 finished with value: 0.006275109946727753 and parameters: {'width_NN': 18, 'depth_NN': 5, 'modes': 56, 'blocks': 6, 'block_act': None, 'lift_act': <function tanh at 0x7f78ecbbcb80>, 'width': 44, 'lr': 0.005464828566017742, 'padding': 7}. Best is trial 253 with value: 0.0011243699118494987.
[I 2025-07-31 11:28:02,985] Trial 255 finished with value: 0.001478085876442492 and parameters: {'width_NN': 17, 'depth_NN': 5, 'modes': 56, 'blocks': 5, 'block_act': <built-in function gelu>, 'lift_act': <function tanh at 0x7f78ecbbcb80>, 'width': 40, 'lr': 0.004661982995310922, 'padding': 7}. Best is trial 253 with value: 0.0011243699118494987.
[I 2025-07-31 11:28:05,933] Trial 256 finished with value: 0.001500419108197093 and parameters: {'width_NN': 21, 'depth_NN': 5, 'modes': 56, 'blocks': 6, 'block_act': <built-in function gelu>, 'lift_act': <function tanh at 0x7f78ecbbcb80>, 'width': 28, 'lr': 0.004249950210808847, 'padding': 10}. Best is trial 253 with value: 0.0011243699118494987.
[I 2025-07-31 11:28:08,893] Trial 257 finished with value: 0.0013536603655666113 and parameters: {'width_NN': 20, 'depth_NN': 5, 'modes': 56, 'blocks': 6, 'block_act': <built-in function gelu>, 'lift_act': <function tanh at 0x7f78ecbbcb80>, 'width': 32, 'lr': 0.005157840822920585, 'padding': 8}. Best is trial 253 with value: 0.0011243699118494987.
[I 2025-07-31 11:28:11,900] Trial 258 finished with value: 0.0019494547741487622 and parameters: {'width_NN': 19, 'depth_NN': 5, 'modes': 56, 'blocks': 6, 'block_act': <built-in function gelu>, 'lift_act': <function tanh at 0x7f78ecbbcb80>, 'width': 31, 'lr': 0.005966464420731975, 'padding': 7}. Best is trial 253 with value: 0.0011243699118494987.
[I 2025-07-31 11:28:14,873] Trial 259 finished with value: 0.001508316257968545 and parameters: {'width_NN': 18, 'depth_NN': 5, 'modes': 56, 'blocks': 6, 'block_act': <built-in function gelu>, 'lift_act': <function tanh at 0x7f78ecbbcb80>, 'width': 33, 'lr': 0.005189892013336441, 'padding': 8}. Best is trial 253 with value: 0.0011243699118494987.
[I 2025-07-31 11:28:17,843] Trial 260 finished with value: 0.0014558458933606744 and parameters: {'width_NN': 21, 'depth_NN': 5, 'modes': 60, 'blocks': 6, 'block_act': <built-in function gelu>, 'lift_act': <function tanh at 0x7f78ecbbcb80>, 'width': 27, 'lr': 0.004836819871757406, 'padding': 8}. Best is trial 253 with value: 0.0011243699118494987.
[I 2025-07-31 11:28:20,802] Trial 261 finished with value: 0.0014072193298488855 and parameters: {'width_NN': 15, 'depth_NN': 5, 'modes': 56, 'blocks': 6, 'block_act': <built-in function gelu>, 'lift_act': <function tanh at 0x7f78ecbbcb80>, 'width': 33, 'lr': 0.0043322618267729995, 'padding': 9}. Best is trial 253 with value: 0.0011243699118494987.
[I 2025-07-31 11:28:23,491] Trial 262 finished with value: 0.00200035166926682 and parameters: {'width_NN': 16, 'depth_NN': 5, 'modes': 56, 'blocks': 5, 'block_act': <built-in function gelu>, 'lift_act': <function tanh at 0x7f78ecbbcb80>, 'width': 30, 'lr': 0.0065930296614942555, 'padding': 7}. Best is trial 253 with value: 0.0011243699118494987.
[I 2025-07-31 11:28:26,370] Trial 263 finished with value: 0.00158831721637398 and parameters: {'width_NN': 13, 'depth_NN': 5, 'modes': 56, 'blocks': 6, 'block_act': <built-in function gelu>, 'lift_act': <function tanh at 0x7f78ecbbcb80>, 'width': 32, 'lr': 0.005251774971581372, 'padding': 9}. Best is trial 253 with value: 0.0011243699118494987.
[I 2025-07-31 11:28:29,337] Trial 264 finished with value: 0.0014969226904213428 and parameters: {'width_NN': 22, 'depth_NN': 5, 'modes': 56, 'blocks': 6, 'block_act': <built-in function gelu>, 'lift_act': <function tanh at 0x7f78ecbbcb80>, 'width': 37, 'lr': 0.004539982231443637, 'padding': 6}. Best is trial 253 with value: 0.0011243699118494987.
[I 2025-07-31 11:28:32,942] Trial 265 finished with value: 0.030742870643734932 and parameters: {'width_NN': 20, 'depth_NN': 5, 'modes': 56, 'blocks': 8, 'block_act': <built-in function gelu>, 'lift_act': <function tanh at 0x7f78ecbbcb80>, 'width': 50, 'lr': 0.00043594880806762027, 'padding': 10}. Best is trial 253 with value: 0.0011243699118494987.
[I 2025-07-31 11:28:35,928] Trial 266 finished with value: 0.0019450210966169834 and parameters: {'width_NN': 23, 'depth_NN': 5, 'modes': 56, 'blocks': 6, 'block_act': <built-in function gelu>, 'lift_act': <function tanh at 0x7f78ecbbcb80>, 'width': 43, 'lr': 0.004059852937260996, 'padding': 8}. Best is trial 253 with value: 0.0011243699118494987.
[I 2025-07-31 11:28:38,807] Trial 267 finished with value: 0.002940107835456729 and parameters: {'width_NN': 14, 'depth_NN': 5, 'modes': 56, 'blocks': 6, 'block_act': <built-in function gelu>, 'lift_act': <function tanh at 0x7f78ecbbcb80>, 'width': 36, 'lr': 0.003783766434516568, 'padding': 9}. Best is trial 253 with value: 0.0011243699118494987.
[I 2025-07-31 11:28:41,664] Trial 268 finished with value: 0.0024665873497724533 and parameters: {'width_NN': 15, 'depth_NN': 5, 'modes': 56, 'blocks': 6, 'block_act': <built-in function gelu>, 'lift_act': None, 'width': 32, 'lr': 0.00442129416895347, 'padding': 10}. Best is trial 253 with value: 0.0011243699118494987.
[I 2025-07-31 11:28:44,682] Trial 269 finished with value: 0.0038445829413831234 and parameters: {'width_NN': 22, 'depth_NN': 5, 'modes': 56, 'blocks': 6, 'block_act': <function tanh at 0x7f78ecbbcb80>, 'lift_act': <function tanh at 0x7f78ecbbcb80>, 'width': 39, 'lr': 0.005644620852175981, 'padding': 7}. Best is trial 253 with value: 0.0011243699118494987.
[I 2025-07-31 11:28:47,681] Trial 270 finished with value: 0.0022459703031927347 and parameters: {'width_NN': 17, 'depth_NN': 5, 'modes': 56, 'blocks': 6, 'block_act': <built-in function gelu>, 'lift_act': <function tanh at 0x7f78ecbbcb80>, 'width': 44, 'lr': 0.004956753074428921, 'padding': 8}. Best is trial 253 with value: 0.0011243699118494987.
[I 2025-07-31 11:28:50,620] Trial 271 finished with value: 0.0012653593439608812 and parameters: {'width_NN': 20, 'depth_NN': 5, 'modes': 56, 'blocks': 6, 'block_act': <built-in function gelu>, 'lift_act': <function tanh at 0x7f78ecbbcb80>, 'width': 29, 'lr': 0.0036797643459740253, 'padding': 9}. Best is trial 253 with value: 0.0011243699118494987.
[I 2025-07-31 11:28:53,561] Trial 272 finished with value: 0.0014376940671354532 and parameters: {'width_NN': 23, 'depth_NN': 5, 'modes': 56, 'blocks': 6, 'block_act': <built-in function gelu>, 'lift_act': <function tanh at 0x7f78ecbbcb80>, 'width': 29, 'lr': 0.0036342258322187527, 'padding': 9}. Best is trial 253 with value: 0.0011243699118494987.
[I 2025-07-31 11:28:56,540] Trial 273 finished with value: 0.001607234706170857 and parameters: {'width_NN': 21, 'depth_NN': 5, 'modes': 56, 'blocks': 6, 'block_act': <built-in function gelu>, 'lift_act': <function tanh at 0x7f78ecbbcb80>, 'width': 26, 'lr': 0.0036817011299593886, 'padding': 8}. Best is trial 253 with value: 0.0011243699118494987.
[I 2025-07-31 11:28:59,485] Trial 274 finished with value: 0.0015971551183611155 and parameters: {'width_NN': 20, 'depth_NN': 5, 'modes': 56, 'blocks': 6, 'block_act': <built-in function gelu>, 'lift_act': <function tanh at 0x7f78ecbbcb80>, 'width': 30, 'lr': 0.004030328373891906, 'padding': 9}. Best is trial 253 with value: 0.0011243699118494987.
[I 2025-07-31 11:29:02,419] Trial 275 finished with value: 0.030742904171347618 and parameters: {'width_NN': 23, 'depth_NN': 5, 'modes': 56, 'blocks': 6, 'block_act': <built-in function gelu>, 'lift_act': <built-in function gelu>, 'width': 24, 'lr': 0.004600938871309669, 'padding': 10}. Best is trial 253 with value: 0.0011243699118494987.
[I 2025-07-31 11:29:05,380] Trial 276 finished with value: 0.0016096802428364754 and parameters: {'width_NN': 26, 'depth_NN': 5, 'modes': 56, 'blocks': 6, 'block_act': <built-in function gelu>, 'lift_act': <function tanh at 0x7f78ecbbcb80>, 'width': 34, 'lr': 0.0036446268102022492, 'padding': 7}. Best is trial 253 with value: 0.0011243699118494987.
[I 2025-07-31 11:29:08,272] Trial 277 finished with value: 0.007420437876135111 and parameters: {'width_NN': 16, 'depth_NN': 5, 'modes': 56, 'blocks': 6, 'block_act': None, 'lift_act': <function tanh at 0x7f78ecbbcb80>, 'width': 27, 'lr': 0.004064894323418889, 'padding': 9}. Best is trial 253 with value: 0.0011243699118494987.
[I 2025-07-31 11:29:11,232] Trial 278 finished with value: 0.0011630428489297628 and parameters: {'width_NN': 21, 'depth_NN': 5, 'modes': 60, 'blocks': 6, 'block_act': <built-in function gelu>, 'lift_act': <function tanh at 0x7f78ecbbcb80>, 'width': 31, 'lr': 0.005231873452332019, 'padding': 8}. Best is trial 253 with value: 0.0011243699118494987.
[I 2025-07-31 11:29:13,604] Trial 279 finished with value: 0.0013884700601920485 and parameters: {'width_NN': 21, 'depth_NN': 5, 'modes': 60, 'blocks': 4, 'block_act': <built-in function gelu>, 'lift_act': <function tanh at 0x7f78ecbbcb80>, 'width': 28, 'lr': 0.00514821089303622, 'padding': 8}. Best is trial 253 with value: 0.0011243699118494987.
[I 2025-07-31 11:29:15,638] Trial 280 finished with value: 0.0018500128062441945 and parameters: {'width_NN': 23, 'depth_NN': 5, 'modes': 60, 'blocks': 3, 'block_act': <built-in function gelu>, 'lift_act': <function tanh at 0x7f78ecbbcb80>, 'width': 21, 'lr': 0.0062193584082895995, 'padding': 6}. Best is trial 253 with value: 0.0011243699118494987.
[I 2025-07-31 11:29:18,279] Trial 281 finished with value: 0.0030995255801826715 and parameters: {'width_NN': 20, 'depth_NN': 5, 'modes': 60, 'blocks': 5, 'block_act': <built-in function gelu>, 'lift_act': <function tanh at 0x7f78ecbbcb80>, 'width': 28, 'lr': 0.009049891897691738, 'padding': 7}. Best is trial 253 with value: 0.0011243699118494987.
[I 2025-07-31 11:29:20,908] Trial 282 finished with value: 0.0012333538616076112 and parameters: {'width_NN': 18, 'depth_NN': 5, 'modes': 64, 'blocks': 5, 'block_act': <built-in function gelu>, 'lift_act': <function tanh at 0x7f78ecbbcb80>, 'width': 26, 'lr': 0.00557931790794873, 'padding': 6}. Best is trial 253 with value: 0.0011243699118494987.
[I 2025-07-31 11:29:23,553] Trial 283 finished with value: 0.002077430719509721 and parameters: {'width_NN': 18, 'depth_NN': 5, 'modes': 64, 'blocks': 5, 'block_act': <built-in function gelu>, 'lift_act': <function tanh at 0x7f78ecbbcb80>, 'width': 25, 'lr': 0.00578008754790372, 'padding': 6}. Best is trial 253 with value: 0.0011243699118494987.
[I 2025-07-31 11:29:25,941] Trial 284 finished with value: 0.0015507166972383857 and parameters: {'width_NN': 18, 'depth_NN': 5, 'modes': 60, 'blocks': 4, 'block_act': <built-in function gelu>, 'lift_act': <function tanh at 0x7f78ecbbcb80>, 'width': 26, 'lr': 0.005088833513660337, 'padding': 7}. Best is trial 253 with value: 0.0011243699118494987.
[I 2025-07-31 11:29:28,558] Trial 285 finished with value: 0.001335310866124928 and parameters: {'width_NN': 21, 'depth_NN': 5, 'modes': 64, 'blocks': 5, 'block_act': <built-in function gelu>, 'lift_act': <function tanh at 0x7f78ecbbcb80>, 'width': 28, 'lr': 0.005499887245028019, 'padding': 6}. Best is trial 253 with value: 0.0011243699118494987.
[I 2025-07-31 11:29:30,884] Trial 286 finished with value: 0.0013726374600082636 and parameters: {'width_NN': 20, 'depth_NN': 5, 'modes': 64, 'blocks': 4, 'block_act': <built-in function gelu>, 'lift_act': <function tanh at 0x7f78ecbbcb80>, 'width': 28, 'lr': 0.0068966148926807615, 'padding': 6}. Best is trial 253 with value: 0.0011243699118494987.
[I 2025-07-31 11:29:33,812] Trial 287 finished with value: 0.0022527470719069242 and parameters: {'width_NN': 19, 'depth_NN': 5, 'modes': 64, 'blocks': 6, 'block_act': <built-in function gelu>, 'lift_act': <function tanh at 0x7f78ecbbcb80>, 'width': 24, 'lr': 0.007712098405780313, 'padding': 6}. Best is trial 253 with value: 0.0011243699118494987.
[I 2025-07-31 11:29:36,161] Trial 288 finished with value: 0.002082322956994176 and parameters: {'width_NN': 17, 'depth_NN': 5, 'modes': 64, 'blocks': 4, 'block_act': <built-in function gelu>, 'lift_act': <function tanh at 0x7f78ecbbcb80>, 'width': 29, 'lr': 0.0055209385317419556, 'padding': 6}. Best is trial 253 with value: 0.0011243699118494987.
[I 2025-07-31 11:29:38,532] Trial 289 finished with value: 0.0022042749915271997 and parameters: {'width_NN': 20, 'depth_NN': 5, 'modes': 64, 'blocks': 4, 'block_act': <built-in function gelu>, 'lift_act': <function tanh at 0x7f78ecbbcb80>, 'width': 22, 'lr': 0.0065477770960716926, 'padding': 7}. Best is trial 253 with value: 0.0011243699118494987.
[I 2025-07-31 11:29:41,160] Trial 290 finished with value: 0.0013144968543201685 and parameters: {'width_NN': 22, 'depth_NN': 5, 'modes': 64, 'blocks': 5, 'block_act': <built-in function gelu>, 'lift_act': <function tanh at 0x7f78ecbbcb80>, 'width': 19, 'lr': 0.00622844264392671, 'padding': 5}. Best is trial 253 with value: 0.0011243699118494987.
[I 2025-07-31 11:29:43,774] Trial 291 finished with value: 0.002179882023483515 and parameters: {'width_NN': 22, 'depth_NN': 5, 'modes': 64, 'blocks': 5, 'block_act': <function tanh at 0x7f78ecbbcb80>, 'lift_act': <function tanh at 0x7f78ecbbcb80>, 'width': 15, 'lr': 0.007294322650170382, 'padding': 5}. Best is trial 253 with value: 0.0011243699118494987.
[I 2025-07-31 11:29:46,394] Trial 292 finished with value: 0.0015946653438732028 and parameters: {'width_NN': 20, 'depth_NN': 5, 'modes': 64, 'blocks': 5, 'block_act': <built-in function gelu>, 'lift_act': <function tanh at 0x7f78ecbbcb80>, 'width': 18, 'lr': 0.006726917455371452, 'padding': 5}. Best is trial 253 with value: 0.0011243699118494987.
[I 2025-07-31 11:29:48,920] Trial 293 finished with value: 0.0024873376823961735 and parameters: {'width_NN': 18, 'depth_NN': 5, 'modes': 64, 'blocks': 5, 'block_act': <built-in function gelu>, 'lift_act': None, 'width': 19, 'lr': 0.00621133849937122, 'padding': 6}. Best is trial 253 with value: 0.0011243699118494987.
[I 2025-07-31 11:29:51,560] Trial 294 finished with value: 0.0017543144058436155 and parameters: {'width_NN': 23, 'depth_NN': 5, 'modes': 64, 'blocks': 5, 'block_act': <built-in function gelu>, 'lift_act': <function tanh at 0x7f78ecbbcb80>, 'width': 17, 'lr': 0.008301272066655726, 'padding': 5}. Best is trial 253 with value: 0.0011243699118494987.
[I 2025-07-31 11:29:54,251] Trial 295 finished with value: 0.0024866140447556973 and parameters: {'width_NN': 19, 'depth_NN': 5, 'modes': 64, 'blocks': 5, 'block_act': <built-in function gelu>, 'lift_act': <function tanh at 0x7f78ecbbcb80>, 'width': 31, 'lr': 0.006057270100879387, 'padding': 6}. Best is trial 253 with value: 0.0011243699118494987.
[I 2025-07-31 11:29:56,625] Trial 296 finished with value: 0.0015140478499233723 and parameters: {'width_NN': 21, 'depth_NN': 5, 'modes': 64, 'blocks': 4, 'block_act': <built-in function gelu>, 'lift_act': <function tanh at 0x7f78ecbbcb80>, 'width': 26, 'lr': 0.006993543277467227, 'padding': 7}. Best is trial 253 with value: 0.0011243699118494987.
[I 2025-07-31 11:29:59,269] Trial 297 finished with value: 0.002144990488886833 and parameters: {'width_NN': 17, 'depth_NN': 5, 'modes': 64, 'blocks': 5, 'block_act': <built-in function gelu>, 'lift_act': <function tanh at 0x7f78ecbbcb80>, 'width': 30, 'lr': 0.0062395222936832175, 'padding': 15}. Best is trial 253 with value: 0.0011243699118494987.
[I 2025-07-31 11:30:01,900] Trial 298 finished with value: 0.030743733048439026 and parameters: {'width_NN': 24, 'depth_NN': 5, 'modes': 64, 'blocks': 5, 'block_act': <built-in function gelu>, 'lift_act': <built-in function gelu>, 'width': 21, 'lr': 0.0054788843941935405, 'padding': 8}. Best is trial 253 with value: 0.0011243699118494987.
[I 2025-07-31 11:30:04,223] Trial 299 finished with value: 0.0038011937867850065 and parameters: {'width_NN': 22, 'depth_NN': 5, 'modes': 64, 'blocks': 4, 'block_act': None, 'lift_act': <function tanh at 0x7f78ecbbcb80>, 'width': 35, 'lr': 0.005451366792277287, 'padding': 6}. Best is trial 253 with value: 0.0011243699118494987.
[I 2025-07-31 11:30:06,845] Trial 300 finished with value: 0.0016466154484078288 and parameters: {'width_NN': 20, 'depth_NN': 5, 'modes': 64, 'blocks': 5, 'block_act': <built-in function gelu>, 'lift_act': <function tanh at 0x7f78ecbbcb80>, 'width': 28, 'lr': 0.006769419823775131, 'padding': 7}. Best is trial 253 with value: 0.0011243699118494987.
[I 2025-07-31 11:30:09,606] Trial 301 finished with value: 0.0021274611353874207 and parameters: {'width_NN': 24, 'depth_NN': 6, 'modes': 64, 'blocks': 5, 'block_act': <built-in function gelu>, 'lift_act': <function tanh at 0x7f78ecbbcb80>, 'width': 32, 'lr': 0.004918043387189169, 'padding': 32}. Best is trial 253 with value: 0.0011243699118494987.
[I 2025-07-31 11:30:11,984] Trial 302 finished with value: 0.0016344841569662094 and parameters: {'width_NN': 19, 'depth_NN': 5, 'modes': 60, 'blocks': 4, 'block_act': <built-in function gelu>, 'lift_act': <function tanh at 0x7f78ecbbcb80>, 'width': 37, 'lr': 0.0058603255301276705, 'padding': 8}. Best is trial 253 with value: 0.0011243699118494987.
[I 2025-07-31 11:30:14,581] Trial 303 finished with value: 0.0017295652069151402 and parameters: {'width_NN': 22, 'depth_NN': 5, 'modes': 64, 'blocks': 5, 'block_act': <built-in function gelu>, 'lift_act': <function tanh at 0x7f78ecbbcb80>, 'width': 20, 'lr': 0.005178829787162233, 'padding': 5}. Best is trial 253 with value: 0.0011243699118494987.
[I 2025-07-31 11:30:17,217] Trial 304 finished with value: 0.002095600822940469 and parameters: {'width_NN': 18, 'depth_NN': 5, 'modes': 32, 'blocks': 5, 'block_act': <built-in function gelu>, 'lift_act': <function tanh at 0x7f78ecbbcb80>, 'width': 16, 'lr': 0.005837778516702791, 'padding': 8}. Best is trial 253 with value: 0.0011243699118494987.
[I 2025-07-31 11:30:19,596] Trial 305 finished with value: 0.0016014684224501252 and parameters: {'width_NN': 21, 'depth_NN': 5, 'modes': 60, 'blocks': 4, 'block_act': <built-in function gelu>, 'lift_act': <function tanh at 0x7f78ecbbcb80>, 'width': 48, 'lr': 0.004672048503273146, 'padding': 14}. Best is trial 253 with value: 0.0011243699118494987.
[I 2025-07-31 11:30:23,464] Trial 306 finished with value: 0.03074236400425434 and parameters: {'width_NN': 24, 'depth_NN': 8, 'modes': 60, 'blocks': 8, 'block_act': <built-in function gelu>, 'lift_act': <function tanh at 0x7f78ecbbcb80>, 'width': 33, 'lr': 0.003949746690868716, 'padding': 8}. Best is trial 253 with value: 0.0011243699118494987.
[I 2025-07-31 11:30:26,422] Trial 307 finished with value: 0.0015983135672286153 and parameters: {'width_NN': 25, 'depth_NN': 5, 'modes': 64, 'blocks': 6, 'block_act': <built-in function gelu>, 'lift_act': <function tanh at 0x7f78ecbbcb80>, 'width': 54, 'lr': 0.004493203261023985, 'padding': 6}. Best is trial 253 with value: 0.0011243699118494987.
[I 2025-07-31 11:30:29,410] Trial 308 finished with value: 0.0020167208276689053 and parameters: {'width_NN': 16, 'depth_NN': 5, 'modes': 20, 'blocks': 6, 'block_act': <built-in function gelu>, 'lift_act': <function tanh at 0x7f78ecbbcb80>, 'width': 29, 'lr': 0.00499193326213191, 'padding': 7}. Best is trial 253 with value: 0.0011243699118494987.
[I 2025-07-31 11:30:32,390] Trial 309 finished with value: 0.001417880761437118 and parameters: {'width_NN': 20, 'depth_NN': 5, 'modes': 60, 'blocks': 6, 'block_act': <built-in function gelu>, 'lift_act': <function tanh at 0x7f78ecbbcb80>, 'width': 36, 'lr': 0.0056685463750028135, 'padding': 10}. Best is trial 253 with value: 0.0011243699118494987.
[I 2025-07-31 11:30:35,055] Trial 310 finished with value: 0.030108658596873283 and parameters: {'width_NN': 22, 'depth_NN': 5, 'modes': 64, 'blocks': 5, 'block_act': <built-in function gelu>, 'lift_act': <function tanh at 0x7f78ecbbcb80>, 'width': 31, 'lr': 0.0002655124092010758, 'padding': 10}. Best is trial 253 with value: 0.0011243699118494987.
[I 2025-07-31 11:30:37,966] Trial 311 finished with value: 0.0012318920344114304 and parameters: {'width_NN': 17, 'depth_NN': 5, 'modes': 60, 'blocks': 6, 'block_act': <built-in function gelu>, 'lift_act': <function tanh at 0x7f78ecbbcb80>, 'width': 23, 'lr': 0.007499566453316087, 'padding': 9}. Best is trial 253 with value: 0.0011243699118494987.
