[I 2025-07-31 11:21:30,820] Trial 123 finished with value: 0.0034765792079269886 and parameters: {'width_NN': 35, 'depth_NN': 3, 'modes': 24, 'blocks': 1, 'block_act': <built-in function gelu>, 'lift_act': <function tanh at 0x7f78ecbbcb80>, 'width': 58, 'lr': 0.005176116291284841, 'padding': 5}. Best is trial 105 with value: 0.001266322797164321.
[I 2025-07-31 11:21:33,676] Trial 124 finished with value: 0.0015080861048772931 and parameters: {'width_NN': 29, 'depth_NN': 4, 'modes': 52, 'blocks': 6, 'block_act': <built-in function gelu>, 'lift_act': <function tanh at 0x7f78ecbbcb80>, 'width': 66, 'lr': 0.0013104971648294614, 'padding': 7}. Best is trial 105 with value: 0.001266322797164321.
[I 2025-07-31 11:21:36,517] Trial 125 finished with value: 0.0014849855797365308 and parameters: {'width_NN': 23, 'depth_NN': 4, 'modes': 48, 'blocks': 6, 'block_act': <built-in function gelu>, 'lift_act': <function tanh at 0x7f78ecbbcb80>, 'width': 69, 'lr': 0.0012787410528193742, 'padding': 7}. Best is trial 105 with value: 0.001266322797164321.
[I 2025-07-31 11:21:39,349] Trial 126 finished with value: 0.00195236224681139 and parameters: {'width_NN': 21, 'depth_NN': 4, 'modes': 48, 'blocks': 6, 'block_act': <built-in function gelu>, 'lift_act': <function tanh at 0x7f78ecbbcb80>, 'width': 69, 'lr': 0.0009851608225726004, 'padding': 7}. Best is trial 105 with value: 0.001266322797164321.
[I 2025-07-31 11:21:41,918] Trial 127 finished with value: 0.030743034556508064 and parameters: {'width_NN': 23, 'depth_NN': 4, 'modes': 48, 'blocks': 5, 'block_act': <built-in function gelu>, 'lift_act': <built-in function gelu>, 'width': 79, 'lr': 0.0012722018360632806, 'padding': 7}. Best is trial 105 with value: 0.001266322797164321.
[I 2025-07-31 11:21:45,107] Trial 128 finished with value: 0.030742382630705833 and parameters: {'width_NN': 16, 'depth_NN': 5, 'modes': 48, 'blocks': 7, 'block_act': <built-in function gelu>, 'lift_act': <function tanh at 0x7f78ecbbcb80>, 'width': 9, 'lr': 0.0014169289722381585, 'padding': 4}. Best is trial 105 with value: 0.001266322797164321.
[I 2025-07-31 11:21:47,957] Trial 129 finished with value: 0.003038635943084955 and parameters: {'width_NN': 20, 'depth_NN': 4, 'modes': 40, 'blocks': 6, 'block_act': <built-in function gelu>, 'lift_act': None, 'width': 45, 'lr': 0.0011541958780899597, 'padding': 18}. Best is trial 105 with value: 0.001266322797164321.
[I 2025-07-31 11:21:50,782] Trial 130 finished with value: 0.03074270859360695 and parameters: {'width_NN': 12, 'depth_NN': 4, 'modes': 52, 'blocks': 6, 'block_act': <function tanh at 0x7f78ecbbcb80>, 'lift_act': <function tanh at 0x7f78ecbbcb80>, 'width': 88, 'lr': 0.0007239597435122386, 'padding': 6}. Best is trial 105 with value: 0.001266322797164321.
[I 2025-07-31 11:21:53,588] Trial 131 finished with value: 0.0016069351695477962 and parameters: {'width_NN': 29, 'depth_NN': 4, 'modes': 52, 'blocks': 6, 'block_act': <built-in function gelu>, 'lift_act': <function tanh at 0x7f78ecbbcb80>, 'width': 66, 'lr': 0.0013349541236969747, 'padding': 9}. Best is trial 105 with value: 0.001266322797164321.
[I 2025-07-31 11:21:56,428] Trial 132 finished with value: 0.0021943512838333845 and parameters: {'width_NN': 28, 'depth_NN': 4, 'modes': 52, 'blocks': 6, 'block_act': <built-in function gelu>, 'lift_act': <function tanh at 0x7f78ecbbcb80>, 'width': 66, 'lr': 0.0010679256250500197, 'padding': 8}. Best is trial 105 with value: 0.001266322797164321.
[I 2025-07-31 11:21:59,521] Trial 133 finished with value: 0.005764339119195938 and parameters: {'width_NN': 25, 'depth_NN': 4, 'modes': 52, 'blocks': 7, 'block_act': <built-in function gelu>, 'lift_act': <function tanh at 0x7f78ecbbcb80>, 'width': 73, 'lr': 0.001579318449376146, 'padding': 9}. Best is trial 105 with value: 0.001266322797164321.
[I 2025-07-31 11:22:02,516] Trial 134 finished with value: 0.004365941509604454 and parameters: {'width_NN': 23, 'depth_NN': 5, 'modes': 48, 'blocks': 6, 'block_act': <built-in function gelu>, 'lift_act': <function tanh at 0x7f78ecbbcb80>, 'width': 63, 'lr': 0.0008565213439541273, 'padding': 7}. Best is trial 105 with value: 0.001266322797164321.
[I 2025-07-31 11:22:05,063] Trial 135 finished with value: 0.002380689838901162 and parameters: {'width_NN': 31, 'depth_NN': 4, 'modes': 52, 'blocks': 5, 'block_act': <built-in function gelu>, 'lift_act': <function tanh at 0x7f78ecbbcb80>, 'width': 77, 'lr': 0.001315681811951502, 'padding': 8}. Best is trial 105 with value: 0.001266322797164321.
[I 2025-07-31 11:22:08,146] Trial 136 finished with value: 0.03071223571896553 and parameters: {'width_NN': 27, 'depth_NN': 6, 'modes': 48, 'blocks': 6, 'block_act': <built-in function gelu>, 'lift_act': <function tanh at 0x7f78ecbbcb80>, 'width': 33, 'lr': 0.0011644605731583582, 'padding': 10}. Best is trial 105 with value: 0.001266322797164321.
[I 2025-07-31 11:22:10,928] Trial 137 finished with value: 0.0018361530965194106 and parameters: {'width_NN': 37, 'depth_NN': 4, 'modes': 44, 'blocks': 6, 'block_act': <built-in function gelu>, 'lift_act': <function tanh at 0x7f78ecbbcb80>, 'width': 67, 'lr': 0.0034641462686551753, 'padding': 6}. Best is trial 105 with value: 0.001266322797164321.
[I 2025-07-31 11:22:14,100] Trial 138 finished with value: 0.0012163793435320258 and parameters: {'width_NN': 29, 'depth_NN': 5, 'modes': 56, 'blocks': 7, 'block_act': <built-in function gelu>, 'lift_act': <function tanh at 0x7f78ecbbcb80>, 'width': 36, 'lr': 0.0039820416917729605, 'padding': 9}. Best is trial 138 with value: 0.0012163793435320258.
[I 2025-07-31 11:22:17,194] Trial 139 finished with value: 0.005975371226668358 and parameters: {'width_NN': 29, 'depth_NN': 5, 'modes': 56, 'blocks': 7, 'block_act': None, 'lift_act': <function tanh at 0x7f78ecbbcb80>, 'width': 36, 'lr': 0.0038434683282668218, 'padding': 9}. Best is trial 138 with value: 0.0012163793435320258.
[I 2025-07-31 11:22:20,461] Trial 140 finished with value: 0.012334967963397503 and parameters: {'width_NN': 32, 'depth_NN': 5, 'modes': 56, 'blocks': 7, 'block_act': <built-in function gelu>, 'lift_act': <function tanh at 0x7f78ecbbcb80>, 'width': 31, 'lr': 0.005399211411927975, 'padding': 8}. Best is trial 138 with value: 0.0012163793435320258.
[I 2025-07-31 11:22:23,480] Trial 141 finished with value: 0.0014258595183491707 and parameters: {'width_NN': 26, 'depth_NN': 5, 'modes': 52, 'blocks': 6, 'block_act': <built-in function gelu>, 'lift_act': <function tanh at 0x7f78ecbbcb80>, 'width': 42, 'lr': 0.003291420751497859, 'padding': 11}. Best is trial 138 with value: 0.0012163793435320258.
[I 2025-07-31 11:22:26,774] Trial 142 finished with value: 0.0016715108649805188 and parameters: {'width_NN': 26, 'depth_NN': 5, 'modes': 52, 'blocks': 7, 'block_act': <built-in function gelu>, 'lift_act': <function tanh at 0x7f78ecbbcb80>, 'width': 43, 'lr': 0.003250883747677864, 'padding': 12}. Best is trial 138 with value: 0.0012163793435320258.
[I 2025-07-31 11:22:29,778] Trial 143 finished with value: 0.0014808462001383305 and parameters: {'width_NN': 24, 'depth_NN': 5, 'modes': 52, 'blocks': 6, 'block_act': <built-in function gelu>, 'lift_act': <function tanh at 0x7f78ecbbcb80>, 'width': 38, 'lr': 0.004046624647870644, 'padding': 11}. Best is trial 138 with value: 0.0012163793435320258.
[I 2025-07-31 11:22:32,766] Trial 144 finished with value: 0.002375830663368106 and parameters: {'width_NN': 18, 'depth_NN': 5, 'modes': 60, 'blocks': 6, 'block_act': <built-in function gelu>, 'lift_act': <function tanh at 0x7f78ecbbcb80>, 'width': 39, 'lr': 0.00359540832551118, 'padding': 10}. Best is trial 138 with value: 0.0012163793435320258.
[I 2025-07-31 11:22:35,721] Trial 145 finished with value: 0.0013592179166153073 and parameters: {'width_NN': 23, 'depth_NN': 5, 'modes': 56, 'blocks': 6, 'block_act': <built-in function gelu>, 'lift_act': <function tanh at 0x7f78ecbbcb80>, 'width': 34, 'lr': 0.003980336900199265, 'padding': 11}. Best is trial 138 with value: 0.0012163793435320258.
[I 2025-07-31 11:22:38,728] Trial 146 finished with value: 0.0015982200857251883 and parameters: {'width_NN': 20, 'depth_NN': 5, 'modes': 52, 'blocks': 6, 'block_act': <built-in function gelu>, 'lift_act': <function tanh at 0x7f78ecbbcb80>, 'width': 35, 'lr': 0.004111111743845086, 'padding': 11}. Best is trial 138 with value: 0.0012163793435320258.
[I 2025-07-31 11:22:41,717] Trial 147 finished with value: 0.002568792784586549 and parameters: {'width_NN': 22, 'depth_NN': 5, 'modes': 56, 'blocks': 6, 'block_act': <built-in function gelu>, 'lift_act': <function tanh at 0x7f78ecbbcb80>, 'width': 35, 'lr': 0.004117266927644719, 'padding': 14}. Best is trial 138 with value: 0.0012163793435320258.
[I 2025-07-31 11:22:45,028] Trial 148 finished with value: 0.00835409201681614 and parameters: {'width_NN': 19, 'depth_NN': 5, 'modes': 56, 'blocks': 7, 'block_act': <built-in function gelu>, 'lift_act': <function tanh at 0x7f78ecbbcb80>, 'width': 37, 'lr': 0.004667370265139316, 'padding': 11}. Best is trial 138 with value: 0.0012163793435320258.
[I 2025-07-31 11:22:48,070] Trial 149 finished with value: 0.030742892995476723 and parameters: {'width_NN': 16, 'depth_NN': 6, 'modes': 52, 'blocks': 6, 'block_act': <built-in function gelu>, 'lift_act': <function tanh at 0x7f78ecbbcb80>, 'width': 34, 'lr': 0.0002293408571651534, 'padding': 11}. Best is trial 138 with value: 0.0012163793435320258.
[I 2025-07-31 11:22:51,363] Trial 150 finished with value: 0.003249375382438302 and parameters: {'width_NN': 20, 'depth_NN': 5, 'modes': 60, 'blocks': 7, 'block_act': <built-in function gelu>, 'lift_act': <function tanh at 0x7f78ecbbcb80>, 'width': 41, 'lr': 0.006014640101529032, 'padding': 12}. Best is trial 138 with value: 0.0012163793435320258.
[I 2025-07-31 11:22:54,385] Trial 151 finished with value: 0.001189673668704927 and parameters: {'width_NN': 24, 'depth_NN': 5, 'modes': 52, 'blocks': 6, 'block_act': <built-in function gelu>, 'lift_act': <function tanh at 0x7f78ecbbcb80>, 'width': 47, 'lr': 0.003983788512744243, 'padding': 11}. Best is trial 151 with value: 0.001189673668704927.
[I 2025-07-31 11:22:57,347] Trial 152 finished with value: 0.0013795715058222413 and parameters: {'width_NN': 24, 'depth_NN': 5, 'modes': 52, 'blocks': 6, 'block_act': <built-in function gelu>, 'lift_act': <function tanh at 0x7f78ecbbcb80>, 'width': 47, 'lr': 0.004212452075282734, 'padding': 13}. Best is trial 151 with value: 0.001189673668704927.
[I 2025-07-31 11:23:00,325] Trial 153 finished with value: 0.0032563330605626106 and parameters: {'width_NN': 24, 'depth_NN': 5, 'modes': 52, 'blocks': 6, 'block_act': <built-in function gelu>, 'lift_act': <function tanh at 0x7f78ecbbcb80>, 'width': 46, 'lr': 0.004465665508248338, 'padding': 12}. Best is trial 151 with value: 0.001189673668704927.
[I 2025-07-31 11:23:03,280] Trial 154 finished with value: 0.0015835862141102552 and parameters: {'width_NN': 23, 'depth_NN': 5, 'modes': 56, 'blocks': 6, 'block_act': <built-in function gelu>, 'lift_act': <function tanh at 0x7f78ecbbcb80>, 'width': 49, 'lr': 0.0036998232666431877, 'padding': 13}. Best is trial 151 with value: 0.001189673668704927.
[I 2025-07-31 11:23:06,234] Trial 155 finished with value: 0.001962993061169982 and parameters: {'width_NN': 23, 'depth_NN': 5, 'modes': 56, 'blocks': 6, 'block_act': <built-in function gelu>, 'lift_act': <function tanh at 0x7f78ecbbcb80>, 'width': 43, 'lr': 0.005089180148117064, 'padding': 13}. Best is trial 151 with value: 0.001189673668704927.
[I 2025-07-31 11:23:09,519] Trial 156 finished with value: 0.001649564364925027 and parameters: {'width_NN': 26, 'depth_NN': 5, 'modes': 52, 'blocks': 7, 'block_act': <built-in function gelu>, 'lift_act': <function tanh at 0x7f78ecbbcb80>, 'width': 38, 'lr': 0.003957175086323509, 'padding': 14}. Best is trial 151 with value: 0.001189673668704927.
[I 2025-07-31 11:23:12,470] Trial 157 finished with value: 0.030743254348635674 and parameters: {'width_NN': 18, 'depth_NN': 5, 'modes': 52, 'blocks': 6, 'block_act': <built-in function gelu>, 'lift_act': <function tanh at 0x7f78ecbbcb80>, 'width': 49, 'lr': 0.005692964599845892, 'padding': 13}. Best is trial 151 with value: 0.001189673668704927.
[I 2025-07-31 11:23:15,569] Trial 158 finished with value: 0.0014373277081176639 and parameters: {'width_NN': 24, 'depth_NN': 6, 'modes': 56, 'blocks': 6, 'block_act': <built-in function gelu>, 'lift_act': <function tanh at 0x7f78ecbbcb80>, 'width': 47, 'lr': 0.003462005816530331, 'padding': 11}. Best is trial 151 with value: 0.001189673668704927.
[I 2025-07-31 11:23:18,600] Trial 159 finished with value: 0.00174292444717139 and parameters: {'width_NN': 25, 'depth_NN': 6, 'modes': 52, 'blocks': 6, 'block_act': <built-in function gelu>, 'lift_act': <function tanh at 0x7f78ecbbcb80>, 'width': 30, 'lr': 0.0032782671022585723, 'padding': 10}. Best is trial 151 with value: 0.001189673668704927.
[I 2025-07-31 11:23:21,985] Trial 160 finished with value: 0.030742382630705833 and parameters: {'width_NN': 21, 'depth_NN': 6, 'modes': 48, 'blocks': 7, 'block_act': <built-in function gelu>, 'lift_act': <function tanh at 0x7f78ecbbcb80>, 'width': 40, 'lr': 0.004795937455928285, 'padding': 12}. Best is trial 151 with value: 0.001189673668704927.
[I 2025-07-31 11:23:25,178] Trial 161 finished with value: 0.030744530260562897 and parameters: {'width_NN': 23, 'depth_NN': 7, 'modes': 56, 'blocks': 6, 'block_act': <built-in function gelu>, 'lift_act': <function tanh at 0x7f78ecbbcb80>, 'width': 47, 'lr': 0.004255627390033051, 'padding': 11}. Best is trial 151 with value: 0.001189673668704927.
[I 2025-07-31 11:23:28,259] Trial 162 finished with value: 0.003268519649282098 and parameters: {'width_NN': 14, 'depth_NN': 6, 'modes': 56, 'blocks': 6, 'block_act': <built-in function gelu>, 'lift_act': <function tanh at 0x7f78ecbbcb80>, 'width': 43, 'lr': 0.0037527964120215567, 'padding': 10}. Best is trial 151 with value: 0.001189673668704927.
[I 2025-07-31 11:23:31,191] Trial 163 finished with value: 0.0012494056718423963 and parameters: {'width_NN': 27, 'depth_NN': 5, 'modes': 56, 'blocks': 6, 'block_act': <built-in function gelu>, 'lift_act': <function tanh at 0x7f78ecbbcb80>, 'width': 40, 'lr': 0.0034518641158156537, 'padding': 11}. Best is trial 151 with value: 0.001189673668704927.
[I 2025-07-31 11:23:34,110] Trial 164 finished with value: 0.0014210020890459418 and parameters: {'width_NN': 28, 'depth_NN': 5, 'modes': 52, 'blocks': 6, 'block_act': <built-in function gelu>, 'lift_act': <function tanh at 0x7f78ecbbcb80>, 'width': 40, 'lr': 0.0030026035485000145, 'padding': 11}. Best is trial 151 with value: 0.001189673668704927.
[I 2025-07-31 11:23:37,094] Trial 165 finished with value: 0.0014008627040311694 and parameters: {'width_NN': 27, 'depth_NN': 5, 'modes': 52, 'blocks': 6, 'block_act': <built-in function gelu>, 'lift_act': <function tanh at 0x7f78ecbbcb80>, 'width': 41, 'lr': 0.0029984436256212227, 'padding': 10}. Best is trial 151 with value: 0.001189673668704927.
[I 2025-07-31 11:23:40,043] Trial 166 finished with value: 0.003905117977410555 and parameters: {'width_NN': 26, 'depth_NN': 5, 'modes': 52, 'blocks': 6, 'block_act': <function tanh at 0x7f78ecbbcb80>, 'lift_act': <function tanh at 0x7f78ecbbcb80>, 'width': 41, 'lr': 0.002876108607986322, 'padding': 9}. Best is trial 151 with value: 0.001189673668704927.
[I 2025-07-31 11:23:42,966] Trial 167 finished with value: 0.001451902324333787 and parameters: {'width_NN': 28, 'depth_NN': 5, 'modes': 52, 'blocks': 6, 'block_act': <built-in function gelu>, 'lift_act': <function tanh at 0x7f78ecbbcb80>, 'width': 32, 'lr': 0.003070614221581192, 'padding': 11}. Best is trial 151 with value: 0.001189673668704927.
[I 2025-07-31 11:23:45,869] Trial 168 finished with value: 0.0022524287924170494 and parameters: {'width_NN': 28, 'depth_NN': 5, 'modes': 48, 'blocks': 6, 'block_act': <built-in function gelu>, 'lift_act': None, 'width': 33, 'lr': 0.0026902170420594214, 'padding': 11}. Best is trial 151 with value: 0.001189673668704927.
[I 2025-07-31 11:23:48,851] Trial 169 finished with value: 0.0014464620035141706 and parameters: {'width_NN': 24, 'depth_NN': 5, 'modes': 52, 'blocks': 6, 'block_act': <built-in function gelu>, 'lift_act': <function tanh at 0x7f78ecbbcb80>, 'width': 38, 'lr': 0.00313690606075639, 'padding': 12}. Best is trial 151 with value: 0.001189673668704927.
[I 2025-07-31 11:23:51,826] Trial 170 finished with value: 0.001920121256262064 and parameters: {'width_NN': 24, 'depth_NN': 5, 'modes': 52, 'blocks': 6, 'block_act': <built-in function gelu>, 'lift_act': <function tanh at 0x7f78ecbbcb80>, 'width': 37, 'lr': 0.003082581824565509, 'padding': 12}. Best is trial 151 with value: 0.001189673668704927.
[I 2025-07-31 11:23:54,843] Trial 171 finished with value: 0.0014453775947913527 and parameters: {'width_NN': 30, 'depth_NN': 5, 'modes': 52, 'blocks': 6, 'block_act': <built-in function gelu>, 'lift_act': <function tanh at 0x7f78ecbbcb80>, 'width': 45, 'lr': 0.0033516517630711707, 'padding': 11}. Best is trial 151 with value: 0.001189673668704927.
[I 2025-07-31 11:23:57,821] Trial 172 finished with value: 0.0017527715535834432 and parameters: {'width_NN': 27, 'depth_NN': 5, 'modes': 52, 'blocks': 6, 'block_act': <built-in function gelu>, 'lift_act': <function tanh at 0x7f78ecbbcb80>, 'width': 45, 'lr': 0.003303044682223993, 'padding': 12}. Best is trial 151 with value: 0.001189673668704927.
[I 2025-07-31 11:24:00,743] Trial 173 finished with value: 0.0017558024264872074 and parameters: {'width_NN': 22, 'depth_NN': 5, 'modes': 48, 'blocks': 6, 'block_act': <built-in function gelu>, 'lift_act': <function tanh at 0x7f78ecbbcb80>, 'width': 40, 'lr': 0.002918345593051335, 'padding': 11}. Best is trial 151 with value: 0.001189673668704927.
[I 2025-07-31 11:24:03,716] Trial 174 finished with value: 0.0017440445953980088 and parameters: {'width_NN': 25, 'depth_NN': 5, 'modes': 52, 'blocks': 6, 'block_act': <built-in function gelu>, 'lift_act': <function tanh at 0x7f78ecbbcb80>, 'width': 42, 'lr': 0.0033873390580708975, 'padding': 10}. Best is trial 151 with value: 0.001189673668704927.
[I 2025-07-31 11:24:06,642] Trial 175 finished with value: 0.001746910042129457 and parameters: {'width_NN': 31, 'depth_NN': 5, 'modes': 52, 'blocks': 6, 'block_act': <built-in function gelu>, 'lift_act': <function tanh at 0x7f78ecbbcb80>, 'width': 36, 'lr': 0.0030459190672414674, 'padding': 11}. Best is trial 151 with value: 0.001189673668704927.
[I 2025-07-31 11:24:09,511] Trial 176 finished with value: 0.0014586907345801592 and parameters: {'width_NN': 27, 'depth_NN': 5, 'modes': 52, 'blocks': 6, 'block_act': <built-in function gelu>, 'lift_act': <function tanh at 0x7f78ecbbcb80>, 'width': 44, 'lr': 0.0025808574979112172, 'padding': 13}. Best is trial 151 with value: 0.001189673668704927.
[I 2025-07-31 11:24:12,471] Trial 177 finished with value: 0.002978137694299221 and parameters: {'width_NN': 27, 'depth_NN': 5, 'modes': 52, 'blocks': 6, 'block_act': <built-in function gelu>, 'lift_act': <function tanh at 0x7f78ecbbcb80>, 'width': 45, 'lr': 0.002694900727796778, 'padding': 12}. Best is trial 151 with value: 0.001189673668704927.
[I 2025-07-31 11:24:15,373] Trial 178 finished with value: 0.005785232875496149 and parameters: {'width_NN': 30, 'depth_NN': 5, 'modes': 48, 'blocks': 6, 'block_act': None, 'lift_act': <function tanh at 0x7f78ecbbcb80>, 'width': 39, 'lr': 0.0022849267140103093, 'padding': 15}. Best is trial 151 with value: 0.001189673668704927.
[I 2025-07-31 11:24:18,335] Trial 179 finished with value: 0.0015056206611916423 and parameters: {'width_NN': 33, 'depth_NN': 5, 'modes': 52, 'blocks': 6, 'block_act': <built-in function gelu>, 'lift_act': <function tanh at 0x7f78ecbbcb80>, 'width': 50, 'lr': 0.0025163987843310007, 'padding': 13}. Best is trial 151 with value: 0.001189673668704927.
[I 2025-07-31 11:24:21,015] Trial 180 finished with value: 0.006390981376171112 and parameters: {'width_NN': 25, 'depth_NN': 5, 'modes': 52, 'blocks': 5, 'block_act': <built-in function gelu>, 'lift_act': <function tanh at 0x7f78ecbbcb80>, 'width': 44, 'lr': 0.0005570354411228812, 'padding': 14}. Best is trial 151 with value: 0.001189673668704927.
[I 2025-07-31 11:24:23,971] Trial 181 finished with value: 0.0013755104737356305 and parameters: {'width_NN': 21, 'depth_NN': 5, 'modes': 52, 'blocks': 6, 'block_act': <built-in function gelu>, 'lift_act': <function tanh at 0x7f78ecbbcb80>, 'width': 32, 'lr': 0.0034674647068768417, 'padding': 10}. Best is trial 151 with value: 0.001189673668704927.
[I 2025-07-31 11:24:26,969] Trial 182 finished with value: 0.0017352099530398846 and parameters: {'width_NN': 21, 'depth_NN': 5, 'modes': 52, 'blocks': 6, 'block_act': <built-in function gelu>, 'lift_act': <function tanh at 0x7f78ecbbcb80>, 'width': 33, 'lr': 0.0031436658408409888, 'padding': 11}. Best is trial 151 with value: 0.001189673668704927.
[I 2025-07-31 11:24:29,914] Trial 183 finished with value: 0.0013734244275838137 and parameters: {'width_NN': 28, 'depth_NN': 5, 'modes': 52, 'blocks': 6, 'block_act': <built-in function gelu>, 'lift_act': <function tanh at 0x7f78ecbbcb80>, 'width': 32, 'lr': 0.0033261614875629195, 'padding': 10}. Best is trial 151 with value: 0.001189673668704927.
[I 2025-07-31 11:24:32,877] Trial 184 finished with value: 0.0013973029563203454 and parameters: {'width_NN': 28, 'depth_NN': 5, 'modes': 52, 'blocks': 6, 'block_act': <built-in function gelu>, 'lift_act': <function tanh at 0x7f78ecbbcb80>, 'width': 31, 'lr': 0.0034762492203577744, 'padding': 10}. Best is trial 151 with value: 0.001189673668704927.
[I 2025-07-31 11:24:35,841] Trial 185 finished with value: 0.0016731626819819212 and parameters: {'width_NN': 29, 'depth_NN': 5, 'modes': 52, 'blocks': 6, 'block_act': <built-in function gelu>, 'lift_act': <function tanh at 0x7f78ecbbcb80>, 'width': 28, 'lr': 0.0034737361732677867, 'padding': 10}. Best is trial 151 with value: 0.001189673668704927.
