[I 2025-07-31 11:24:38,802] Trial 186 finished with value: 0.0016733339289203286 and parameters: {'width_NN': 27, 'depth_NN': 5, 'modes': 52, 'blocks': 6, 'block_act': <built-in function gelu>, 'lift_act': <function tanh at 0x7f78ecbbcb80>, 'width': 31, 'lr': 0.0028225169309006553, 'padding': 10}. Best is trial 151 with value: 0.001189673668704927.
[I 2025-07-31 11:24:41,758] Trial 187 finished with value: 0.0013644618447870016 and parameters: {'width_NN': 24, 'depth_NN': 5, 'modes': 52, 'blocks': 6, 'block_act': <built-in function gelu>, 'lift_act': <function tanh at 0x7f78ecbbcb80>, 'width': 34, 'lr': 0.0034970527237489575, 'padding': 11}. Best is trial 151 with value: 0.001189673668704927.
[I 2025-07-31 11:24:44,881] Trial 188 finished with value: 0.030744878575205803 and parameters: {'width_NN': 31, 'depth_NN': 7, 'modes': 52, 'blocks': 6, 'block_act': <built-in function gelu>, 'lift_act': <function tanh at 0x7f78ecbbcb80>, 'width': 26, 'lr': 0.003228151182435524, 'padding': 12}. Best is trial 151 with value: 0.001189673668704927.
[I 2025-07-31 11:24:47,823] Trial 189 finished with value: 0.0014796345494687557 and parameters: {'width_NN': 26, 'depth_NN': 5, 'modes': 56, 'blocks': 6, 'block_act': <built-in function gelu>, 'lift_act': <function tanh at 0x7f78ecbbcb80>, 'width': 29, 'lr': 0.003531883406053673, 'padding': 9}. Best is trial 151 with value: 0.001189673668704927.
[I 2025-07-31 11:24:50,455] Trial 190 finished with value: 0.0018685335526242852 and parameters: {'width_NN': 22, 'depth_NN': 5, 'modes': 48, 'blocks': 5, 'block_act': <built-in function gelu>, 'lift_act': <function tanh at 0x7f78ecbbcb80>, 'width': 34, 'lr': 0.0029685175927132044, 'padding': 12}. Best is trial 151 with value: 0.001189673668704927.
[I 2025-07-31 11:24:53,387] Trial 191 finished with value: 0.010088828392326832 and parameters: {'width_NN': 26, 'depth_NN': 5, 'modes': 56, 'blocks': 6, 'block_act': <built-in function gelu>, 'lift_act': <function tanh at 0x7f78ecbbcb80>, 'width': 29, 'lr': 0.0035658074192131627, 'padding': 9}. Best is trial 151 with value: 0.001189673668704927.
[I 2025-07-31 11:24:56,337] Trial 192 finished with value: 0.0015801554545760155 and parameters: {'width_NN': 28, 'depth_NN': 5, 'modes': 56, 'blocks': 6, 'block_act': <built-in function gelu>, 'lift_act': <function tanh at 0x7f78ecbbcb80>, 'width': 32, 'lr': 0.0034933977133942747, 'padding': 10}. Best is trial 151 with value: 0.001189673668704927.
[I 2025-07-31 11:24:59,283] Trial 193 finished with value: 0.001423744484782219 and parameters: {'width_NN': 25, 'depth_NN': 5, 'modes': 52, 'blocks': 6, 'block_act': <built-in function gelu>, 'lift_act': <function tanh at 0x7f78ecbbcb80>, 'width': 30, 'lr': 0.003807828823909489, 'padding': 9}. Best is trial 151 with value: 0.001189673668704927.
[I 2025-07-31 11:25:02,384] Trial 194 finished with value: 0.003349414560943842 and parameters: {'width_NN': 24, 'depth_NN': 6, 'modes': 52, 'blocks': 6, 'block_act': <built-in function gelu>, 'lift_act': <function tanh at 0x7f78ecbbcb80>, 'width': 35, 'lr': 0.003841385242246594, 'padding': 11}. Best is trial 151 with value: 0.001189673668704927.
[I 2025-07-31 11:25:05,352] Trial 195 finished with value: 0.001461225445382297 and parameters: {'width_NN': 30, 'depth_NN': 5, 'modes': 52, 'blocks': 6, 'block_act': <built-in function gelu>, 'lift_act': <function tanh at 0x7f78ecbbcb80>, 'width': 31, 'lr': 0.0031500101874426954, 'padding': 10}. Best is trial 151 with value: 0.001189673668704927.
[I 2025-07-31 11:25:08,334] Trial 196 finished with value: 0.001866234582848847 and parameters: {'width_NN': 28, 'depth_NN': 5, 'modes': 52, 'blocks': 6, 'block_act': <built-in function gelu>, 'lift_act': <function tanh at 0x7f78ecbbcb80>, 'width': 25, 'lr': 0.002613525468966951, 'padding': 11}. Best is trial 151 with value: 0.001189673668704927.
[I 2025-07-31 11:25:11,248] Trial 197 finished with value: 0.002395045477896929 and parameters: {'width_NN': 22, 'depth_NN': 5, 'modes': 52, 'blocks': 6, 'block_act': <built-in function gelu>, 'lift_act': <function tanh at 0x7f78ecbbcb80>, 'width': 23, 'lr': 0.002826419330193006, 'padding': 9}. Best is trial 151 with value: 0.001189673668704927.
[I 2025-07-31 11:25:14,206] Trial 198 finished with value: 0.001579049858264625 and parameters: {'width_NN': 33, 'depth_NN': 5, 'modes': 48, 'blocks': 6, 'block_act': <built-in function gelu>, 'lift_act': <function tanh at 0x7f78ecbbcb80>, 'width': 35, 'lr': 0.004284492598483499, 'padding': 13}. Best is trial 151 with value: 0.001189673668704927.
[I 2025-07-31 11:25:17,144] Trial 199 finished with value: 0.0031973582226783037 and parameters: {'width_NN': 25, 'depth_NN': 5, 'modes': 12, 'blocks': 6, 'block_act': <function tanh at 0x7f78ecbbcb80>, 'lift_act': <function tanh at 0x7f78ecbbcb80>, 'width': 32, 'lr': 0.0032939994890440524, 'padding': 12}. Best is trial 151 with value: 0.001189673668704927.
[I 2025-07-31 11:25:20,116] Trial 200 finished with value: 0.0014673842815682292 and parameters: {'width_NN': 20, 'depth_NN': 5, 'modes': 52, 'blocks': 6, 'block_act': <built-in function gelu>, 'lift_act': <function tanh at 0x7f78ecbbcb80>, 'width': 42, 'lr': 0.003843825445532165, 'padding': 10}. Best is trial 151 with value: 0.001189673668704927.
[I 2025-07-31 11:25:23,093] Trial 201 finished with value: 0.0019736227113753557 and parameters: {'width_NN': 29, 'depth_NN': 5, 'modes': 52, 'blocks': 6, 'block_act': <built-in function gelu>, 'lift_act': <function tanh at 0x7f78ecbbcb80>, 'width': 27, 'lr': 0.003112492294340393, 'padding': 10}. Best is trial 151 with value: 0.001189673668704927.
[I 2025-07-31 11:25:26,090] Trial 202 finished with value: 0.0018889884231612086 and parameters: {'width_NN': 30, 'depth_NN': 5, 'modes': 52, 'blocks': 6, 'block_act': <built-in function gelu>, 'lift_act': <function tanh at 0x7f78ecbbcb80>, 'width': 30, 'lr': 0.0032274905677400325, 'padding': 11}. Best is trial 151 with value: 0.001189673668704927.
[I 2025-07-31 11:25:29,074] Trial 203 finished with value: 0.0015571685507893562 and parameters: {'width_NN': 25, 'depth_NN': 5, 'modes': 52, 'blocks': 6, 'block_act': <built-in function gelu>, 'lift_act': <function tanh at 0x7f78ecbbcb80>, 'width': 31, 'lr': 0.0035396248209558384, 'padding': 9}. Best is trial 151 with value: 0.001189673668704927.
[I 2025-07-31 11:25:32,151] Trial 204 finished with value: 0.0016770362854003906 and parameters: {'width_NN': 32, 'depth_NN': 6, 'modes': 52, 'blocks': 6, 'block_act': <built-in function gelu>, 'lift_act': <function tanh at 0x7f78ecbbcb80>, 'width': 37, 'lr': 0.002952006143503059, 'padding': 10}. Best is trial 151 with value: 0.001189673668704927.
[I 2025-07-31 11:25:35,037] Trial 205 finished with value: 0.0022773186210542917 and parameters: {'width_NN': 27, 'depth_NN': 5, 'modes': 56, 'blocks': 6, 'block_act': <built-in function gelu>, 'lift_act': None, 'width': 33, 'lr': 0.0024667356616646977, 'padding': 12}. Best is trial 151 with value: 0.001189673668704927.
[I 2025-07-31 11:25:38,055] Trial 206 finished with value: 0.0014273254200816154 and parameters: {'width_NN': 24, 'depth_NN': 5, 'modes': 52, 'blocks': 6, 'block_act': <built-in function gelu>, 'lift_act': <function tanh at 0x7f78ecbbcb80>, 'width': 47, 'lr': 0.003938163877352387, 'padding': 11}. Best is trial 151 with value: 0.001189673668704927.
[I 2025-07-31 11:25:41,015] Trial 207 finished with value: 0.0013018646277487278 and parameters: {'width_NN': 23, 'depth_NN': 5, 'modes': 56, 'blocks': 6, 'block_act': <built-in function gelu>, 'lift_act': <function tanh at 0x7f78ecbbcb80>, 'width': 46, 'lr': 0.0039681727126357974, 'padding': 13}. Best is trial 151 with value: 0.001189673668704927.
[I 2025-07-31 11:25:44,031] Trial 208 finished with value: 0.0015787450829520822 and parameters: {'width_NN': 24, 'depth_NN': 5, 'modes': 56, 'blocks': 6, 'block_act': <built-in function gelu>, 'lift_act': <function tanh at 0x7f78ecbbcb80>, 'width': 47, 'lr': 0.00446399158779226, 'padding': 11}. Best is trial 151 with value: 0.001189673668704927.
[I 2025-07-31 11:25:46,999] Trial 209 finished with value: 0.0018816192168742418 and parameters: {'width_NN': 21, 'depth_NN': 5, 'modes': 56, 'blocks': 6, 'block_act': <built-in function gelu>, 'lift_act': <function tanh at 0x7f78ecbbcb80>, 'width': 52, 'lr': 0.004018574238503936, 'padding': 11}. Best is trial 151 with value: 0.001189673668704927.
[I 2025-07-31 11:25:50,104] Trial 210 finished with value: 0.001458156737498939 and parameters: {'width_NN': 19, 'depth_NN': 5, 'modes': 56, 'blocks': 6, 'block_act': <built-in function gelu>, 'lift_act': <function tanh at 0x7f78ecbbcb80>, 'width': 47, 'lr': 0.003935493524105457, 'padding': 11}. Best is trial 151 with value: 0.001189673668704927.
[I 2025-07-31 11:25:53,052] Trial 211 finished with value: 0.00299513665959239 and parameters: {'width_NN': 18, 'depth_NN': 5, 'modes': 56, 'blocks': 6, 'block_act': <built-in function gelu>, 'lift_act': <function tanh at 0x7f78ecbbcb80>, 'width': 48, 'lr': 0.003886067392590653, 'padding': 11}. Best is trial 151 with value: 0.001189673668704927.
[I 2025-07-31 11:25:56,029] Trial 212 finished with value: 0.0016204619314521551 and parameters: {'width_NN': 23, 'depth_NN': 5, 'modes': 56, 'blocks': 6, 'block_act': <built-in function gelu>, 'lift_act': <function tanh at 0x7f78ecbbcb80>, 'width': 40, 'lr': 0.0037715401730466975, 'padding': 12}. Best is trial 151 with value: 0.001189673668704927.
[I 2025-07-31 11:25:59,061] Trial 213 finished with value: 0.0014110652264207602 and parameters: {'width_NN': 19, 'depth_NN': 5, 'modes': 52, 'blocks': 6, 'block_act': <built-in function gelu>, 'lift_act': <function tanh at 0x7f78ecbbcb80>, 'width': 43, 'lr': 0.004252886497313146, 'padding': 11}. Best is trial 151 with value: 0.001189673668704927.
[I 2025-07-31 11:26:02,025] Trial 214 finished with value: 0.0030406175646930933 and parameters: {'width_NN': 22, 'depth_NN': 5, 'modes': 52, 'blocks': 6, 'block_act': <built-in function gelu>, 'lift_act': <function tanh at 0x7f78ecbbcb80>, 'width': 42, 'lr': 0.004522957518911792, 'padding': 9}. Best is trial 151 with value: 0.001189673668704927.
[I 2025-07-31 11:26:05,004] Trial 215 finished with value: 0.001856776769272983 and parameters: {'width_NN': 24, 'depth_NN': 5, 'modes': 52, 'blocks': 6, 'block_act': <built-in function gelu>, 'lift_act': <function tanh at 0x7f78ecbbcb80>, 'width': 37, 'lr': 0.0035209308558309593, 'padding': 10}. Best is trial 151 with value: 0.001189673668704927.
[I 2025-07-31 11:26:07,929] Trial 216 finished with value: 0.006276644300669432 and parameters: {'width_NN': 20, 'depth_NN': 5, 'modes': 52, 'blocks': 6, 'block_act': None, 'lift_act': <function tanh at 0x7f78ecbbcb80>, 'width': 39, 'lr': 0.004848503831208397, 'padding': 12}. Best is trial 151 with value: 0.001189673668704927.
[I 2025-07-31 11:26:10,826] Trial 217 finished with value: 0.01723063923418522 and parameters: {'width_NN': 22, 'depth_NN': 5, 'modes': 48, 'blocks': 6, 'block_act': <built-in function gelu>, 'lift_act': <function tanh at 0x7f78ecbbcb80>, 'width': 5, 'lr': 0.004240281247626255, 'padding': 10}. Best is trial 151 with value: 0.001189673668704927.
[I 2025-07-31 11:26:13,796] Trial 218 finished with value: 0.0017235405975952744 and parameters: {'width_NN': 26, 'depth_NN': 5, 'modes': 52, 'blocks': 6, 'block_act': <built-in function gelu>, 'lift_act': <function tanh at 0x7f78ecbbcb80>, 'width': 45, 'lr': 0.003440525210339112, 'padding': 13}. Best is trial 151 with value: 0.001189673668704927.
[I 2025-07-31 11:26:16,779] Trial 219 finished with value: 0.0023531734477728605 and parameters: {'width_NN': 24, 'depth_NN': 5, 'modes': 52, 'blocks': 6, 'block_act': <built-in function gelu>, 'lift_act': <function tanh at 0x7f78ecbbcb80>, 'width': 51, 'lr': 0.004259363386135552, 'padding': 12}. Best is trial 151 with value: 0.001189673668704927.
[I 2025-07-31 11:26:19,732] Trial 220 finished with value: 0.001385937095619738 and parameters: {'width_NN': 28, 'depth_NN': 5, 'modes': 52, 'blocks': 6, 'block_act': <built-in function gelu>, 'lift_act': <function tanh at 0x7f78ecbbcb80>, 'width': 35, 'lr': 0.0037835240735087173, 'padding': 9}. Best is trial 151 with value: 0.001189673668704927.
[I 2025-07-31 11:26:22,671] Trial 221 finished with value: 0.0024113182444125414 and parameters: {'width_NN': 28, 'depth_NN': 5, 'modes': 52, 'blocks': 6, 'block_act': <built-in function gelu>, 'lift_act': <function tanh at 0x7f78ecbbcb80>, 'width': 35, 'lr': 0.0037010641308808496, 'padding': 9}. Best is trial 151 with value: 0.001189673668704927.
[I 2025-07-31 11:26:25,699] Trial 222 finished with value: 0.0014845937257632613 and parameters: {'width_NN': 26, 'depth_NN': 5, 'modes': 52, 'blocks': 6, 'block_act': <built-in function gelu>, 'lift_act': <function tanh at 0x7f78ecbbcb80>, 'width': 41, 'lr': 0.003285194656544564, 'padding': 11}. Best is trial 151 with value: 0.001189673668704927.
[I 2025-07-31 11:26:28,660] Trial 223 finished with value: 0.0026184848975390196 and parameters: {'width_NN': 30, 'depth_NN': 5, 'modes': 16, 'blocks': 6, 'block_act': <built-in function gelu>, 'lift_act': <function tanh at 0x7f78ecbbcb80>, 'width': 37, 'lr': 0.004075764942113419, 'padding': 10}. Best is trial 151 with value: 0.001189673668704927.
[I 2025-07-31 11:26:31,619] Trial 224 finished with value: 0.030732715502381325 and parameters: {'width_NN': 23, 'depth_NN': 5, 'modes': 52, 'blocks': 6, 'block_act': <built-in function gelu>, 'lift_act': <function tanh at 0x7f78ecbbcb80>, 'width': 34, 'lr': 0.0001065931946836662, 'padding': 11}. Best is trial 151 with value: 0.001189673668704927.
[I 2025-07-31 11:26:34,617] Trial 225 finished with value: 0.0027037456165999174 and parameters: {'width_NN': 25, 'depth_NN': 5, 'modes': 52, 'blocks': 6, 'block_act': <built-in function gelu>, 'lift_act': <function tanh at 0x7f78ecbbcb80>, 'width': 43, 'lr': 0.0036659850890728746, 'padding': 8}. Best is trial 151 with value: 0.001189673668704927.
[I 2025-07-31 11:26:37,598] Trial 226 finished with value: 0.001213766634464264 and parameters: {'width_NN': 21, 'depth_NN': 5, 'modes': 56, 'blocks': 6, 'block_act': <built-in function gelu>, 'lift_act': <function tanh at 0x7f78ecbbcb80>, 'width': 39, 'lr': 0.0045655644272899224, 'padding': 10}. Best is trial 151 with value: 0.001189673668704927.
[I 2025-07-31 11:26:40,487] Trial 227 finished with value: 0.0014014290645718575 and parameters: {'width_NN': 21, 'depth_NN': 5, 'modes': 56, 'blocks': 6, 'block_act': <built-in function gelu>, 'lift_act': <function tanh at 0x7f78ecbbcb80>, 'width': 40, 'lr': 0.004685344790618694, 'padding': 9}. Best is trial 151 with value: 0.001189673668704927.
[I 2025-07-31 11:26:43,549] Trial 228 finished with value: 0.030745534226298332 and parameters: {'width_NN': 17, 'depth_NN': 6, 'modes': 56, 'blocks': 6, 'block_act': <built-in function gelu>, 'lift_act': <function tanh at 0x7f78ecbbcb80>, 'width': 46, 'lr': 0.004617941101454449, 'padding': 9}. Best is trial 151 with value: 0.001189673668704927.
[I 2025-07-31 11:26:46,537] Trial 229 finished with value: 0.0012499046279117465 and parameters: {'width_NN': 20, 'depth_NN': 5, 'modes': 56, 'blocks': 6, 'block_act': <built-in function gelu>, 'lift_act': <function tanh at 0x7f78ecbbcb80>, 'width': 40, 'lr': 0.004645625193893492, 'padding': 8}. Best is trial 151 with value: 0.001189673668704927.
[I 2025-07-31 11:26:49,514] Trial 230 finished with value: 0.0015193262370303273 and parameters: {'width_NN': 19, 'depth_NN': 5, 'modes': 56, 'blocks': 6, 'block_act': <built-in function gelu>, 'lift_act': <function tanh at 0x7f78ecbbcb80>, 'width': 40, 'lr': 0.005147607671118487, 'padding': 8}. Best is trial 151 with value: 0.001189673668704927.
[I 2025-07-31 11:26:52,483] Trial 231 finished with value: 0.0011925639118999243 and parameters: {'width_NN': 21, 'depth_NN': 5, 'modes': 56, 'blocks': 6, 'block_act': <built-in function gelu>, 'lift_act': <function tanh at 0x7f78ecbbcb80>, 'width': 43, 'lr': 0.00461964505279542, 'padding': 9}. Best is trial 151 with value: 0.001189673668704927.
[I 2025-07-31 11:26:55,479] Trial 232 finished with value: 0.0013344396138563752 and parameters: {'width_NN': 21, 'depth_NN': 5, 'modes': 56, 'blocks': 6, 'block_act': <built-in function gelu>, 'lift_act': <function tanh at 0x7f78ecbbcb80>, 'width': 42, 'lr': 0.004689883174566285, 'padding': 8}. Best is trial 151 with value: 0.001189673668704927.
[I 2025-07-31 11:26:58,457] Trial 233 finished with value: 0.0016199819510802627 and parameters: {'width_NN': 20, 'depth_NN': 5, 'modes': 56, 'blocks': 6, 'block_act': <built-in function gelu>, 'lift_act': <function tanh at 0x7f78ecbbcb80>, 'width': 42, 'lr': 0.004586742295416234, 'padding': 8}. Best is trial 151 with value: 0.001189673668704927.
[I 2025-07-31 11:27:01,445] Trial 234 finished with value: 0.0021990241948515177 and parameters: {'width_NN': 18, 'depth_NN': 5, 'modes': 56, 'blocks': 6, 'block_act': <built-in function gelu>, 'lift_act': <function tanh at 0x7f78ecbbcb80>, 'width': 39, 'lr': 0.004967703705906152, 'padding': 8}. Best is trial 151 with value: 0.001189673668704927.
[I 2025-07-31 11:27:04,320] Trial 235 finished with value: 0.0015316074714064598 and parameters: {'width_NN': 21, 'depth_NN': 5, 'modes': 56, 'blocks': 6, 'block_act': <built-in function gelu>, 'lift_act': <function tanh at 0x7f78ecbbcb80>, 'width': 36, 'lr': 0.004365216870080106, 'padding': 9}. Best is trial 151 with value: 0.001189673668704927.
[I 2025-07-31 11:27:07,298] Trial 236 finished with value: 0.001671715290285647 and parameters: {'width_NN': 21, 'depth_NN': 5, 'modes': 60, 'blocks': 6, 'block_act': <built-in function gelu>, 'lift_act': <function tanh at 0x7f78ecbbcb80>, 'width': 42, 'lr': 0.00529388674821507, 'padding': 8}. Best is trial 151 with value: 0.001189673668704927.
[I 2025-07-31 11:27:10,263] Trial 237 finished with value: 0.0014943648129701614 and parameters: {'width_NN': 17, 'depth_NN': 5, 'modes': 56, 'blocks': 6, 'block_act': <built-in function gelu>, 'lift_act': <function tanh at 0x7f78ecbbcb80>, 'width': 38, 'lr': 0.004806512459633807, 'padding': 9}. Best is trial 151 with value: 0.001189673668704927.
[I 2025-07-31 11:27:13,172] Trial 238 finished with value: 0.0014128100592643023 and parameters: {'width_NN': 19, 'depth_NN': 5, 'modes': 60, 'blocks': 6, 'block_act': <built-in function gelu>, 'lift_act': <function tanh at 0x7f78ecbbcb80>, 'width': 34, 'lr': 0.004197374050936308, 'padding': 9}. Best is trial 151 with value: 0.001189673668704927.
[I 2025-07-31 11:27:16,070] Trial 239 finished with value: 0.002638799138367176 and parameters: {'width_NN': 15, 'depth_NN': 5, 'modes': 60, 'blocks': 6, 'block_act': <built-in function gelu>, 'lift_act': <function tanh at 0x7f78ecbbcb80>, 'width': 34, 'lr': 0.0043510092890852396, 'padding': 9}. Best is trial 151 with value: 0.001189673668704927.
[I 2025-07-31 11:27:19,042] Trial 240 finished with value: 0.002559955231845379 and parameters: {'width_NN': 18, 'depth_NN': 5, 'modes': 64, 'blocks': 6, 'block_act': <function tanh at 0x7f78ecbbcb80>, 'lift_act': <function tanh at 0x7f78ecbbcb80>, 'width': 36, 'lr': 0.0048977814916178475, 'padding': 8}. Best is trial 151 with value: 0.001189673668704927.
[I 2025-07-31 11:27:21,924] Trial 241 finished with value: 0.003743803594261408 and parameters: {'width_NN': 21, 'depth_NN': 5, 'modes': 60, 'blocks': 6, 'block_act': <built-in function gelu>, 'lift_act': <function tanh at 0x7f78ecbbcb80>, 'width': 40, 'lr': 0.004018185322566971, 'padding': 9}. Best is trial 151 with value: 0.001189673668704927.
[I 2025-07-31 11:27:24,920] Trial 242 finished with value: 0.001181146246381104 and parameters: {'width_NN': 19, 'depth_NN': 5, 'modes': 56, 'blocks': 6, 'block_act': <built-in function gelu>, 'lift_act': <function tanh at 0x7f78ecbbcb80>, 'width': 43, 'lr': 0.0042371072880651684, 'padding': 10}. Best is trial 242 with value: 0.001181146246381104.
[I 2025-07-31 11:27:27,913] Trial 243 finished with value: 0.0015215431340038776 and parameters: {'width_NN': 19, 'depth_NN': 5, 'modes': 56, 'blocks': 6, 'block_act': <built-in function gelu>, 'lift_act': <function tanh at 0x7f78ecbbcb80>, 'width': 43, 'lr': 0.0056306942829229606, 'padding': 10}. Best is trial 242 with value: 0.001181146246381104.
[I 2025-07-31 11:27:30,844] Trial 244 finished with value: 0.0015040819998830557 and parameters: {'width_NN': 19, 'depth_NN': 5, 'modes': 56, 'blocks': 6, 'block_act': <built-in function gelu>, 'lift_act': <function tanh at 0x7f78ecbbcb80>, 'width': 34, 'lr': 0.0044210548501853126, 'padding': 16}. Best is trial 242 with value: 0.001181146246381104.
[I 2025-07-31 11:27:33,825] Trial 245 finished with value: 0.0012955931015312672 and parameters: {'width_NN': 20, 'depth_NN': 5, 'modes': 60, 'blocks': 6, 'block_act': <built-in function gelu>, 'lift_act': <function tanh at 0x7f78ecbbcb80>, 'width': 38, 'lr': 0.004162746647211331, 'padding': 10}. Best is trial 242 with value: 0.001181146246381104.
[I 2025-07-31 11:27:36,717] Trial 246 finished with value: 0.0022772301454097033 and parameters: {'width_NN': 20, 'depth_NN': 5, 'modes': 60, 'blocks': 6, 'block_act': <built-in function gelu>, 'lift_act': None, 'width': 38, 'lr': 0.004698557725446255, 'padding': 8}. Best is trial 242 with value: 0.001181146246381104.
[I 2025-07-31 11:27:39,653] Trial 247 finished with value: 0.0022630621679127216 and parameters: {'width_NN': 17, 'depth_NN': 5, 'modes': 60, 'blocks': 6, 'block_act': <built-in function gelu>, 'lift_act': <function tanh at 0x7f78ecbbcb80>, 'width': 29, 'lr': 0.004170196674381294, 'padding': 9}. Best is trial 242 with value: 0.001181146246381104.
[I 2025-07-31 11:27:42,636] Trial 248 finished with value: 0.0017850304720923305 and parameters: {'width_NN': 22, 'depth_NN': 5, 'modes': 56, 'blocks': 6, 'block_act': <built-in function gelu>, 'lift_act': <function tanh at 0x7f78ecbbcb80>, 'width': 36, 'lr': 0.0041931515300163555, 'padding': 10}. Best is trial 242 with value: 0.001181146246381104.
