[I 2025-07-31 11:08:17,476] A new study created in memory with name: no-name-2e0209c6-0405-4002-b6a2-8a5f8f37c3b1
/home/salz/FrictionNeuralOp/VENV/lib/python3.11/site-packages/optuna/distributions.py:518: UserWarning: Choices for a categorical distribution should be a tuple of None, bool, int, float and str for persistent storage but contains <function tanh at 0x7f51481bcb80> which is of type function.
  warnings.warn(message)
/home/salz/FrictionNeuralOp/VENV/lib/python3.11/site-packages/optuna/distributions.py:518: UserWarning: Choices for a categorical distribution should be a tuple of None, bool, int, float and str for persistent storage but contains <built-in function gelu> which is of type builtin_function_or_method.
  warnings.warn(message)
[I 2025-07-31 11:08:25,254] Trial 0 finished with value: 0.024999801069498062 and parameters: {'width_NN': 34, 'depth_NN': 4, 'modes': 24, 'blocks': 3, 'block_act': <built-in function gelu>, 'lift_act': <function tanh at 0x7f51481bcb80>, 'width': 5, 'lr': 0.000809966744259338, 'padding': 12}. Best is trial 0 with value: 0.024999801069498062.
/home/salz/FrictionNeuralOp/VENV/lib/python3.11/site-packages/optuna/distributions.py:518: UserWarning: Choices for a categorical distribution should be a tuple of None, bool, int, float and str for persistent storage but contains <function tanh at 0x7f51481bcb80> which is of type function.
  warnings.warn(message)
/home/salz/FrictionNeuralOp/VENV/lib/python3.11/site-packages/optuna/distributions.py:518: UserWarning: Choices for a categorical distribution should be a tuple of None, bool, int, float and str for persistent storage but contains <built-in function gelu> which is of type builtin_function_or_method.
  warnings.warn(message)
[I 2025-07-31 11:08:27,421] Trial 1 finished with value: 0.030742673203349113 and parameters: {'width_NN': 166, 'depth_NN': 6, 'modes': 16, 'blocks': 2, 'block_act': <function tanh at 0x7f51481bcb80>, 'lift_act': <built-in function gelu>, 'width': 8, 'lr': 0.00039424565618898687, 'padding': 25}. Best is trial 0 with value: 0.024999801069498062.
[I 2025-07-31 11:08:29,250] Trial 2 finished with value: 0.005519351456314325 and parameters: {'width_NN': 25, 'depth_NN': 2, 'modes': 60, 'blocks': 3, 'block_act': None, 'lift_act': <function tanh at 0x7f51481bcb80>, 'width': 44, 'lr': 0.002797509186327427, 'padding': 18}. Best is trial 2 with value: 0.005519351456314325.
[I 2025-07-31 11:08:32,369] Trial 3 finished with value: 0.020509764552116394 and parameters: {'width_NN': 86, 'depth_NN': 7, 'modes': 24, 'blocks': 6, 'block_act': <function tanh at 0x7f51481bcb80>, 'lift_act': <function tanh at 0x7f51481bcb80>, 'width': 21, 'lr': 0.0001810886729034288, 'padding': 9}. Best is trial 2 with value: 0.005519351456314325.
[I 2025-07-31 11:08:34,636] Trial 4 finished with value: 0.02965240553021431 and parameters: {'width_NN': 41, 'depth_NN': 6, 'modes': 12, 'blocks': 4, 'block_act': None, 'lift_act': None, 'width': 63, 'lr': 0.0001697063286248273, 'padding': 12}. Best is trial 2 with value: 0.005519351456314325.
[I 2025-07-31 11:08:37,248] Trial 5 finished with value: 0.030742116272449493 and parameters: {'width_NN': 185, 'depth_NN': 7, 'modes': 52, 'blocks': 3, 'block_act': <built-in function gelu>, 'lift_act': <built-in function gelu>, 'width': 14, 'lr': 0.0005933222167767372, 'padding': 27}. Best is trial 2 with value: 0.005519351456314325.
