[I 2025-07-31 11:36:33,464] Trial 438 finished with value: 0.001888480270281434 and parameters: {'width_NN': 18, 'depth_NN': 5, 'modes': 56, 'blocks': 5, 'block_act': <built-in function gelu>, 'lift_act': <function tanh at 0x7f78ecbbcb80>, 'width': 53, 'lr': 0.003410918431642943, 'padding': 11}. Best is trial 253 with value: 0.0011243699118494987.
[I 2025-07-31 11:36:38,695] Trial 439 finished with value: 0.0307452529668808 and parameters: {'width_NN': 496, 'depth_NN': 5, 'modes': 64, 'blocks': 6, 'block_act': <built-in function gelu>, 'lift_act': <function tanh at 0x7f78ecbbcb80>, 'width': 41, 'lr': 0.004340509442009183, 'padding': 8}. Best is trial 253 with value: 0.0011243699118494987.
[I 2025-07-31 11:36:41,338] Trial 440 finished with value: 0.002042959211394191 and parameters: {'width_NN': 25, 'depth_NN': 5, 'modes': 28, 'blocks': 5, 'block_act': <built-in function gelu>, 'lift_act': <function tanh at 0x7f78ecbbcb80>, 'width': 48, 'lr': 0.0054971406719511295, 'padding': 11}. Best is trial 253 with value: 0.0011243699118494987.
[I 2025-07-31 11:36:44,614] Trial 441 finished with value: 0.030742913484573364 and parameters: {'width_NN': 22, 'depth_NN': 5, 'modes': 60, 'blocks': 7, 'block_act': <built-in function gelu>, 'lift_act': <function tanh at 0x7f78ecbbcb80>, 'width': 39, 'lr': 0.0037746516972637315, 'padding': 6}. Best is trial 253 with value: 0.0011243699118494987.
[I 2025-07-31 11:36:47,537] Trial 442 finished with value: 0.0010774069232866168 and parameters: {'width_NN': 20, 'depth_NN': 5, 'modes': 56, 'blocks': 6, 'block_act': <built-in function gelu>, 'lift_act': <function tanh at 0x7f78ecbbcb80>, 'width': 34, 'lr': 0.004939132190358201, 'padding': 16}. Best is trial 442 with value: 0.0010774069232866168.
[I 2025-07-31 11:36:50,545] Trial 443 finished with value: 0.0013739301357418299 and parameters: {'width_NN': 19, 'depth_NN': 5, 'modes': 56, 'blocks': 6, 'block_act': <built-in function gelu>, 'lift_act': <function tanh at 0x7f78ecbbcb80>, 'width': 35, 'lr': 0.004718987158251921, 'padding': 18}. Best is trial 442 with value: 0.0010774069232866168.
[I 2025-07-31 11:36:53,482] Trial 444 finished with value: 0.002443745732307434 and parameters: {'width_NN': 15, 'depth_NN': 5, 'modes': 56, 'blocks': 6, 'block_act': <built-in function gelu>, 'lift_act': <function tanh at 0x7f78ecbbcb80>, 'width': 34, 'lr': 0.005069916846583893, 'padding': 10}. Best is trial 442 with value: 0.0010774069232866168.
[I 2025-07-31 11:36:56,457] Trial 445 finished with value: 0.001517685130238533 and parameters: {'width_NN': 16, 'depth_NN': 5, 'modes': 56, 'blocks': 6, 'block_act': <built-in function gelu>, 'lift_act': <function tanh at 0x7f78ecbbcb80>, 'width': 38, 'lr': 0.004274358828649945, 'padding': 10}. Best is trial 442 with value: 0.0010774069232866168.
[I 2025-07-31 11:36:59,413] Trial 446 finished with value: 0.0015163570642471313 and parameters: {'width_NN': 19, 'depth_NN': 5, 'modes': 56, 'blocks': 6, 'block_act': <built-in function gelu>, 'lift_act': <function tanh at 0x7f78ecbbcb80>, 'width': 31, 'lr': 0.004561237747123874, 'padding': 17}. Best is trial 442 with value: 0.0010774069232866168.
[I 2025-07-31 11:37:02,399] Trial 447 finished with value: 0.004868622403591871 and parameters: {'width_NN': 17, 'depth_NN': 5, 'modes': 56, 'blocks': 6, 'block_act': <built-in function gelu>, 'lift_act': <function tanh at 0x7f78ecbbcb80>, 'width': 36, 'lr': 0.004098468323229201, 'padding': 12}. Best is trial 442 with value: 0.0010774069232866168.
[I 2025-07-31 11:37:05,333] Trial 448 finished with value: 0.026738248765468597 and parameters: {'width_NN': 20, 'depth_NN': 5, 'modes': 56, 'blocks': 6, 'block_act': <built-in function gelu>, 'lift_act': <function tanh at 0x7f78ecbbcb80>, 'width': 34, 'lr': 0.003622249065839322, 'padding': 18}. Best is trial 442 with value: 0.0010774069232866168.
[I 2025-07-31 11:37:08,384] Trial 449 finished with value: 0.0020473028998821974 and parameters: {'width_NN': 21, 'depth_NN': 6, 'modes': 56, 'blocks': 6, 'block_act': <built-in function gelu>, 'lift_act': <function tanh at 0x7f78ecbbcb80>, 'width': 30, 'lr': 0.005013817514712887, 'padding': 21}. Best is trial 442 with value: 0.0010774069232866168.
[I 2025-07-31 11:37:11,368] Trial 450 finished with value: 0.0025215265341103077 and parameters: {'width_NN': 24, 'depth_NN': 5, 'modes': 60, 'blocks': 6, 'block_act': <built-in function gelu>, 'lift_act': <function tanh at 0x7f78ecbbcb80>, 'width': 45, 'lr': 0.004269984975804287, 'padding': 9}. Best is trial 442 with value: 0.0010774069232866168.
[I 2025-07-31 11:37:14,258] Trial 451 finished with value: 0.002003875793889165 and parameters: {'width_NN': 29, 'depth_NN': 4, 'modes': 56, 'blocks': 6, 'block_act': <function tanh at 0x7f78ecbbcb80>, 'lift_act': <function tanh at 0x7f78ecbbcb80>, 'width': 39, 'lr': 0.003750112606779906, 'padding': 13}. Best is trial 442 with value: 0.0010774069232866168.
[I 2025-07-31 11:37:17,101] Trial 452 finished with value: 0.002446540864184499 and parameters: {'width_NN': 18, 'depth_NN': 5, 'modes': 56, 'blocks': 6, 'block_act': <built-in function gelu>, 'lift_act': None, 'width': 27, 'lr': 0.003337773499249591, 'padding': 9}. Best is trial 442 with value: 0.0010774069232866168.
[I 2025-07-31 11:37:19,492] Trial 453 finished with value: 0.0016158560756593943 and parameters: {'width_NN': 26, 'depth_NN': 5, 'modes': 60, 'blocks': 4, 'block_act': <built-in function gelu>, 'lift_act': <function tanh at 0x7f78ecbbcb80>, 'width': 33, 'lr': 0.00484902776005014, 'padding': 20}. Best is trial 442 with value: 0.0010774069232866168.
[I 2025-07-31 11:37:22,487] Trial 454 finished with value: 0.0022944610100239515 and parameters: {'width_NN': 14, 'depth_NN': 5, 'modes': 56, 'blocks': 6, 'block_act': <built-in function gelu>, 'lift_act': <function tanh at 0x7f78ecbbcb80>, 'width': 37, 'lr': 0.004413077425285754, 'padding': 16}. Best is trial 442 with value: 0.0010774069232866168.
[I 2025-07-31 11:37:25,412] Trial 455 finished with value: 0.0026585664600133896 and parameters: {'width_NN': 20, 'depth_NN': 4, 'modes': 56, 'blocks': 6, 'block_act': <built-in function gelu>, 'lift_act': <function tanh at 0x7f78ecbbcb80>, 'width': 56, 'lr': 0.003987626196584433, 'padding': 8}. Best is trial 442 with value: 0.0010774069232866168.
[I 2025-07-31 11:37:28,456] Trial 456 finished with value: 0.0020645426120609045 and parameters: {'width_NN': 22, 'depth_NN': 5, 'modes': 56, 'blocks': 6, 'block_act': <built-in function gelu>, 'lift_act': <function tanh at 0x7f78ecbbcb80>, 'width': 50, 'lr': 0.003052707298831324, 'padding': 7}. Best is trial 442 with value: 0.0010774069232866168.
[I 2025-07-31 11:37:31,438] Trial 457 finished with value: 0.001661557937040925 and parameters: {'width_NN': 23, 'depth_NN': 5, 'modes': 40, 'blocks': 6, 'block_act': <built-in function gelu>, 'lift_act': <function tanh at 0x7f78ecbbcb80>, 'width': 42, 'lr': 0.005382735498099077, 'padding': 10}. Best is trial 442 with value: 0.0010774069232866168.
[I 2025-07-31 11:37:34,707] Trial 458 finished with value: 0.030742017552256584 and parameters: {'width_NN': 18, 'depth_NN': 5, 'modes': 60, 'blocks': 7, 'block_act': <built-in function gelu>, 'lift_act': <built-in function gelu>, 'width': 45, 'lr': 0.004660963485844386, 'padding': 9}. Best is trial 442 with value: 0.0010774069232866168.
[I 2025-07-31 11:37:37,650] Trial 459 finished with value: 0.001621024333871901 and parameters: {'width_NN': 20, 'depth_NN': 5, 'modes': 56, 'blocks': 6, 'block_act': <built-in function gelu>, 'lift_act': <function tanh at 0x7f78ecbbcb80>, 'width': 40, 'lr': 0.003705722200706095, 'padding': 11}. Best is trial 442 with value: 0.0010774069232866168.
[I 2025-07-31 11:37:40,897] Trial 460 finished with value: 0.0021751828026026487 and parameters: {'width_NN': 25, 'depth_NN': 5, 'modes': 56, 'blocks': 7, 'block_act': <built-in function gelu>, 'lift_act': <function tanh at 0x7f78ecbbcb80>, 'width': 26, 'lr': 0.0019691282398234984, 'padding': 15}. Best is trial 442 with value: 0.0010774069232866168.
[I 2025-07-31 11:37:43,819] Trial 461 finished with value: 0.007936975918710232 and parameters: {'width_NN': 16, 'depth_NN': 5, 'modes': 60, 'blocks': 6, 'block_act': None, 'lift_act': <function tanh at 0x7f78ecbbcb80>, 'width': 31, 'lr': 0.004106390753706606, 'padding': 8}. Best is trial 442 with value: 0.0010774069232866168.
[I 2025-07-31 11:37:47,434] Trial 462 finished with value: 0.030743109062314034 and parameters: {'width_NN': 21, 'depth_NN': 6, 'modes': 16, 'blocks': 8, 'block_act': <built-in function gelu>, 'lift_act': <function tanh at 0x7f78ecbbcb80>, 'width': 36, 'lr': 0.003421705160306489, 'padding': 7}. Best is trial 442 with value: 0.0010774069232866168.
[I 2025-07-31 11:37:50,437] Trial 463 finished with value: 0.002406433457508683 and parameters: {'width_NN': 19, 'depth_NN': 5, 'modes': 44, 'blocks': 6, 'block_act': <built-in function gelu>, 'lift_act': <function tanh at 0x7f78ecbbcb80>, 'width': 49, 'lr': 0.002736348357440438, 'padding': 8}. Best is trial 442 with value: 0.0010774069232866168.
[I 2025-07-31 11:37:53,411] Trial 464 finished with value: 0.0019204578129574656 and parameters: {'width_NN': 27, 'depth_NN': 5, 'modes': 56, 'blocks': 6, 'block_act': <built-in function gelu>, 'lift_act': <function tanh at 0x7f78ecbbcb80>, 'width': 42, 'lr': 0.005167066670203957, 'padding': 9}. Best is trial 442 with value: 0.0010774069232866168.
[I 2025-07-31 11:37:56,304] Trial 465 finished with value: 0.0013342552119866014 and parameters: {'width_NN': 23, 'depth_NN': 4, 'modes': 56, 'blocks': 6, 'block_act': <built-in function gelu>, 'lift_act': <function tanh at 0x7f78ecbbcb80>, 'width': 38, 'lr': 0.0045709290104251, 'padding': 10}. Best is trial 442 with value: 0.0010774069232866168.
[I 2025-07-31 11:37:59,258] Trial 466 finished with value: 0.0023784227669239044 and parameters: {'width_NN': 17, 'depth_NN': 5, 'modes': 60, 'blocks': 6, 'block_act': <built-in function gelu>, 'lift_act': <function tanh at 0x7f78ecbbcb80>, 'width': 29, 'lr': 0.003924230669534511, 'padding': 15}. Best is trial 442 with value: 0.0010774069232866168.
